Log created: 2014-04-28T15:29:51.432184000Z
Executable: /usr/lib64/virtualbox/VBoxHeadless
Arg[0]: /usr/lib64/virtualbox/VBoxHeadless
Arg[1]: --startvm
Arg[2]: VXINU
Arg[3]: --vrde
Arg[4]: off
fatal error in recompiler cpu: Trying to execute code with memory type addr_code=0000000025000020 addend=00007fcb17a0a000 at 0000000025000900. (iHandlerMemType=0x38 iMMIOMemType=0x30)

!!!!!!!!!!!!!!!!!!!!!!!!!!!!!!!!!!!!!!!!!!!!!!!!!!!!!!!!!!!!!!!!!!!!!!
!!
!!                 Guru Meditation -2301 (VERR_REM_VIRTUAL_CPU_ERROR)
!!
!!
!! {mappings, <NULL>}
!!

The mappings are DISABLED.
00000000ff400000 - 00000000ffbfffff  Hypervisor Memory Area
!!
!! {hma, <NULL>}
!!
Hypervisor Memory Area (HMA) Layout: Base 00000000ff400000, 0x00800000 bytes
00000000ff925000-00000000ff926000                                   DYNAMIC                  fence
00000000ff915000-00000000ff925000                                   DYNAMIC                  Dynamic mapping
00000000ff914000-00000000ff915000                                   DYNAMIC                  fence
00000000ff8f4000-00000000ff914000 00007fcb3c26f000 00007fcb3c26f000 LOCKED                   alloc once (PDM_DEVICE_USER)
00000000ff874000-00000000ff8f4000                                   MMIO2   0000000000000000 VGA VRam
00000000ff873000-00000000ff874000                                   DYNAMIC                  fence
00000000ff85f000-00000000ff873000 00007fcb3c2b0000 00007fcb3c2b0000 LOCKED                   alloc once (PDM_DEVICE)
00000000ff85e000-00000000ff85f000                                   DYNAMIC                  fence
00000000ff85a000-00000000ff85e000 00007fcb5c005000 0000000000000000 LOCKED                   VBoxDD2GC.gc
00000000ff859000-00000000ff85a000                                   DYNAMIC                  fence
00000000ff83d000-00000000ff859000 00007fcb3c94e000 0000000000000000 LOCKED                   VBoxDDGC.gc
00000000ff83c000-00000000ff83d000                                   DYNAMIC                  fence
00000000ff7cd000-00000000ff83c000 00007fcb3d84e000 0000000000000000 LOCKED                   VMMGC.gc
00000000ff7cc000-00000000ff7cd000                                   DYNAMIC                  fence
00000000ff5c6000-00000000ff7cc000 00007fcb3d8bd000 00007fcb3d8bd000 LOCKED                   alloc once (PATM)
00000000ff5c5000-00000000ff5c6000                                   DYNAMIC                  fence
00000000ff5b4000-00000000ff5c5000 00007fcb3dac3000 00007fcb3dac3000 LOCKED                   alloc once (SELM)
00000000ff5b3000-00000000ff5b4000                                   DYNAMIC                  fence
00000000ff5a3000-00000000ff5b3000 00007fcb5c009000 00007fcb5c009000 LOCKED                   alloc once (SELM)
00000000ff5a2000-00000000ff5a3000                                   DYNAMIC                  fence
00000000ff5a0000-00000000ff5a2000 00007fcb63be7000 ffffc90012a41000 HCPHYS  00000000cb6c2000 Core Code
00000000ff59f000-00000000ff5a0000                                   DYNAMIC                  fence
00000000ff59e000-00000000ff59f000 00007fcb63dc1000 0000000000000000 HCPHYS  00000000cac08000 GIP
00000000ff59d000-00000000ff59e000                                   DYNAMIC                  fence
00000000ff57c000-00000000ff59d000 00007fcb5c019000 00007fcb5c019000 LOCKED                   alloc once (PGM_PHYS)
00000000ff57b000-00000000ff57c000                                   DYNAMIC                  fence
00000000ff569000-00000000ff57b000 00007fcb63c09000 00007fcb63c09000 LOCKED                   alloc once (PGM_POOL)
00000000ff568000-00000000ff569000                                   DYNAMIC                  fence
00000000ff563000-00000000ff568000                                   DYNAMIC                  CR3 mapping
00000000ff562000-00000000ff563000                                   DYNAMIC                  fence
00000000ff422000-00000000ff562000 00007fcb3ee56000 00007fcb3ee56000 LOCKED                   Heap
00000000ff421000-00000000ff422000                                   DYNAMIC                  fence
00000000ff401000-00000000ff421000 00007fcb63c3d000 ffffc900129de000 LOCKED                   VM
00000000ff400000-00000000ff401000                                   DYNAMIC                  fence
!!
!! {cpumguest, verbose}
!!
Guest CPUM (VCPU 0) state: 
eax=000037b8 ebx=000003fd ecx=00000000 edx=0000012c esi=0e100001 edi=0000aeac
eip=25000900 esp=000fff7f ebp=28f04e00 iopl=0      rf nv up di pl zr na pe nc
cs={0008 base=0000000000000000 limit=0000bfff flags=0000c09f} dr0=00000000 dr1=00000000
ds={0010 base=0000000000000000 limit=01000fff flags=0000c093} dr2=00000000 dr3=00000000
es={0010 base=0000000000000000 limit=01000fff flags=0000c093} dr4=00000000 dr5=00000000
fs={0018 base=0000000000000000 limit=ffffffff flags=0000c093} dr6=ffff0ff0 dr7=00000400
gs={0018 base=0000000000000000 limit=ffffffff flags=0000c093} cr0=00000011 cr2=00000000
ss={0018 base=0000000000000000 limit=01000fff flags=0000c093} cr3=00000000 cr4=00000000
gdtr=0000000000010000:003f  idtr=0000000000010046:017f  eflags=00010002
ldtr={0000 base=00000000 limit=00000000 flags=00000082}
tr  ={0000 base=00000000 limit=0000ffff flags=0000008b}
SysEnter={cs=0000 eip=00000000 esp=00000000}
FCW=037f FSW=0000 FTW=0000 FOP=0000 MXCSR=00001f80 MXCSR_MASK=0000ffff
FPUIP=00000000 CS=0000 Rsrvd1=0000  FPUDP=00000000 DS=0000 Rsvrd2=0000
ST(0)=FPR0={0000'00000000'00000000} t0 +0.0000000000000000000000 ^ 0
ST(1)=FPR1={0000'00000000'00000000} t0 +0.0000000000000000000000 ^ 0
ST(2)=FPR2={0000'00000000'00000000} t0 +0.0000000000000000000000 ^ 0
ST(3)=FPR3={0000'00000000'00000000} t0 +0.0000000000000000000000 ^ 0
ST(4)=FPR4={0000'00000000'00000000} t0 +0.0000000000000000000000 ^ 0
ST(5)=FPR5={0000'00000000'00000000} t0 +0.0000000000000000000000 ^ 0
ST(6)=FPR6={0000'00000000'00000000} t0 +0.0000000000000000000000 ^ 0
ST(7)=FPR7={0000'00000000'00000000} t0 +0.0000000000000000000000 ^ 0
XMM0 =00000000'00000000'00000000'00000000  XMM1 =00000000'00000000'00000000'00000000
XMM2 =00000000'00000000'00000000'00000000  XMM3 =00000000'00000000'00000000'00000000
XMM4 =00000000'00000000'00000000'00000000  XMM5 =00000000'00000000'00000000'00000000
XMM6 =00000000'00000000'00000000'00000000  XMM7 =00000000'00000000'00000000'00000000
XMM8 =00000000'00000000'00000000'00000000  XMM9 =00000000'00000000'00000000'00000000
XMM10=00000000'00000000'00000000'00000000  XMM11=00000000'00000000'00000000'00000000
XMM12=00000000'00000000'00000000'00000000  XMM13=00000000'00000000'00000000'00000000
XMM14=00000000'00000000'00000000'00000000  XMM15=00000000'00000000'00000000'00000000
EFER         =0000000000000000
PAT          =0007040600070406
STAR         =0000000000000000
CSTAR        =0000000000000000
LSTAR        =0000000000000000
SFMASK       =0000000000000000
KERNELGSBASE =0000000000000000
!!
!! {cpumguestinstr, verbose}
!!
!!
!! {cpumhyper, verbose}
!!
Hypervisor CPUM state: 
.eax=00000000 .ebx=00000000 .ecx=00000000 .edx=00000000 .esi=00000000 .edi=00000000
.eip=00000000 .esp=ff560000 .ebp=00000000 .iopl=0           nv up di pl zr na pe nc
.cs={fff8 base=0000000000000000 limit=00000000 flags=00000000} .dr0=00000000 .dr1=00000000
.ds={fff0 base=0000000000000000 limit=00000000 flags=00000000} .dr2=00000000 .dr3=00000000
.es={fff0 base=0000000000000000 limit=00000000 flags=00000000} .dr4=00000000 .dr5=00000000
.fs={0000 base=0000000000000000 limit=00000000 flags=00000000} .dr6=00000000 .dr7=00000000
.gs={0000 base=0000000000000000 limit=00000000 flags=00000000} .cr0=00000000 .cr2=00000000
.ss={fff0 base=0000000000000000 limit=00000000 flags=00000000} .cr3=42fd8000 .cr4=00000000
.gdtr=00000000ff5a3000:ffff  .idtr=00000000ff406c50:07ff  .eflags=00000000
.ldtr={0000 base=00000000 limit=00000000 flags=00000000}
.tr  ={ffe0 base=00000000 limit=00000000 flags=00000000}
.SysEnter={cs=0000 eip=00000000 esp=00000000}
.FCW=0000 .FSW=0000 .FTW=0000 .FOP=0000 .MXCSR=00000000 .MXCSR_MASK=00000000
.FPUIP=00000000 .CS=0000 .Rsrvd1=0000  .FPUDP=00000000 .DS=0000 .Rsvrd2=0000
.ST(0)=.FPR0={0000'00000000'00000000} t0 +0.0000000000000000000000 ^ 0
.ST(1)=.FPR1={0000'00000000'00000000} t0 +0.0000000000000000000000 ^ 0
.ST(2)=.FPR2={0000'00000000'00000000} t0 +0.0000000000000000000000 ^ 0
.ST(3)=.FPR3={0000'00000000'00000000} t0 +0.0000000000000000000000 ^ 0
.ST(4)=.FPR4={0000'00000000'00000000} t0 +0.0000000000000000000000 ^ 0
.ST(5)=.FPR5={0000'00000000'00000000} t0 +0.0000000000000000000000 ^ 0
.ST(6)=.FPR6={0000'00000000'00000000} t0 +0.0000000000000000000000 ^ 0
.ST(7)=.FPR7={0000'00000000'00000000} t0 +0.0000000000000000000000 ^ 0
.XMM0 =00000000'00000000'00000000'00000000  .XMM1 =00000000'00000000'00000000'00000000
.XMM2 =00000000'00000000'00000000'00000000  .XMM3 =00000000'00000000'00000000'00000000
.XMM4 =00000000'00000000'00000000'00000000  .XMM5 =00000000'00000000'00000000'00000000
.XMM6 =00000000'00000000'00000000'00000000  .XMM7 =00000000'00000000'00000000'00000000
.XMM8 =00000000'00000000'00000000'00000000  .XMM9 =00000000'00000000'00000000'00000000
.XMM10=00000000'00000000'00000000'00000000  .XMM11=00000000'00000000'00000000'00000000
.XMM12=00000000'00000000'00000000'00000000  .XMM13=00000000'00000000'00000000'00000000
.XMM14=00000000'00000000'00000000'00000000  .XMM15=00000000'00000000'00000000'00000000
.EFER         =0000000000000000
.PAT          =0000000000000000
.STAR         =0000000000000000
.CSTAR        =0000000000000000
.LSTAR        =0000000000000000
.SFMASK       =0000000000000000
.KERNELGSBASE =0000000000000000
CR4OrMask=0x204 CR4AndMask=0x403
!!
!! {cpumhost, verbose}
!!
Host CPUM state: 
rax=xxxxxxxxxxxxxxxx rbx=0000000000000000 rcx=xxxxxxxxxxxxxxxx
rdx=xxxxxxxxxxxxxxxx rsi=0000000000000000 rdi=0000000000000000
rip=xxxxxxxxxxxxxxxx rsp=0000000000000000 rbp=0000000000000000
 r8=xxxxxxxxxxxxxxxx  r9=xxxxxxxxxxxxxxxx r10=0000000000000000
r11=0000000000000000 r12=0000000000000000 r13=0000000000000000
r14=0000000000000000 r15=0000000000000000
iopl=0          nv up di pl zr na pe nc
cs=0000  ds=0000  es=0000  fs=0000  gs=0000                   eflags=00000000
cr0=0000000000000000 cr2=xxxxxxxxxxxxxxxx cr3=0000000000000000
cr4=0000000000000000 ldtr=0000 tr=0000
dr[0]=0000000000000000 dr[1]=0000000000000000 dr[2]=0000000000000000
dr[3]=0000000000000000 dr[6]=0000000000000000 dr[7]=0000000000000000
gdtr=0000000000000000:0000  idtr=0000000000000000:0000
SysEnter={cs=0000 eip=00000000 esp=00000000}
FSbase=0000000000000000 GSbase=0000000000000000 efer=00000000
!!
!! {mode, all}
!!
Guest paging mode:  Protected (changed 298 times), A20 enabled (changed 2 times)
Shadow paging mode: PAE
Host paging mode:   AMD64+G+NX
!!
!! {cpuid, verbose}
!!
         RAW Standard CPUIDs
     Function  eax      ebx      ecx      edx
Gst: 00000000  00000005 756e6547 6c65746e 49656e69
Hst:           0000000a 756e6547 6c65746e 49656e69
Gst: 00000001  000006f7 00000800 00000209 078bfbff
Hst:           000006f7 04040800 0004e3bd bfebfbff
Gst: 00000002  05b0b101 005657f0 00000000 2cb43049
Hst:           05b0b101 005657f0 00000000 2cb43049
Gst: 00000003  00000000 00000000 00000000 00000000
Hst:           00000000 00000000 00000000 00000000
Gst: 00000004  00000000 00000000 00000000 00000000
Hst:           0c000121 01c0003f 0000003f 00000001
Gst: 00000005  00000040 00000040 00000000 00000000
Hst:           00000040 00000040 00000003 00000020
Name:                            GenuineIntel
Supports:                        0-5
Family:                          6  	Extended: 0 	Effective: 6
Model:                           15  	Extended: 0 	Effective: 15
Stepping:                        7
Type:                            0 (primary)
APIC ID:                         0x00
Logical CPUs:                    0
CLFLUSH Size:                    8
Brand ID:                        0x00
Mnemonic - Description                 = guest (host)
FPU - x87 FPU on Chip                  = 1 (1)
VME - Virtual 8086 Mode Enhancements   = 1 (1)
DE - Debugging extensions              = 1 (1)
PSE - Page Size Extension              = 1 (1)
TSC - Time Stamp Counter               = 1 (1)
MSR - Model Specific Registers         = 1 (1)
PAE - Physical Address Extension       = 1 (1)
MCE - Machine Check Exception          = 1 (1)
CX8 - CMPXCHG8B instruction            = 1 (1)
APIC - APIC On-Chip                    = 1 (1)
10 - Reserved                          = 0 (0)
SEP - SYSENTER and SYSEXIT             = 1 (1)
MTRR - Memory Type Range Registers     = 1 (1)
PGE - PTE Global Bit                   = 1 (1)
MCA - Machine Check Architecture       = 1 (1)
CMOV - Conditional Move Instructions   = 1 (1)
PAT - Page Attribute Table             = 1 (1)
PSE-36 - 36-bit Page Size Extention    = 1 (1)
PSN - Processor Serial Number          = 0 (0)
CLFSH - CLFLUSH Instruction.           = 1 (1)
20 - Reserved                          = 0 (0)
DS - Debug Store                       = 0 (1)
ACPI - Thermal Mon. & Soft. Clock Ctrl.= 0 (1)
MMX - Intel MMX Technology             = 1 (1)
FXSR - FXSAVE and FXRSTOR Instructions = 1 (1)
SSE - SSE Support                      = 1 (1)
SSE2 - SSE2 Support                    = 1 (1)
SS - Self Snoop                        = 0 (1)
HTT - Hyper-Threading Technology       = 0 (1)
TM - Thermal Monitor                   = 0 (1)
30 - Reserved                          = 0 (0)
PBE - Pending Break Enable             = 0 (1)
Supports SSE3                          = 1 (1)
PCLMULQDQ                              = 0 (0)
DS Area 64-bit layout                  = 0 (1)
Supports MONITOR/MWAIT                 = 1 (1)
CPL-DS - CPL Qualified Debug Store     = 0 (1)
VMX - Virtual Machine Technology       = 0 (1)
SMX - Safer Mode Extensions            = 0 (0)
Enhanced SpeedStep Technology          = 0 (1)
Terminal Monitor 2                     = 0 (1)
Supplemental SSE3 instructions         = 1 (1)
L1 Context ID                          = 0 (0)
11 - Reserved                          = 0 (0)
FMA extensions using YMM state         = 0 (0)
CMPXCHG16B instruction                 = 0 (1)
xTPR Update Control                    = 0 (1)
Perf/Debug Capability MSR              = 0 (1)
16 - Reserved                          = 0 (0)
PCID - Process-context identifiers     = 0 (0)
DCA - Direct Cache Access              = 0 (1)
SSE4.1 instruction extensions          = 0 (0)
SSE4.2 instruction extensions          = 0 (0)
Supports the x2APIC extensions         = 0 (0)
MOVBE instruction                      = 0 (0)
POPCNT instruction                     = 0 (0)
TSC-Deadline LAPIC timer mode          = 0 (0)
AESNI instruction extensions           = 0 (0)
XSAVE/XRSTOR extended state feature    = 0 (0)
Supports OSXSAVE                       = 0 (0)
AVX instruction extensions             = 0 (0)
29/30 - Reserved                       = 0x0 (0x0)
Hypervisor Present (we're a guest)     = 0 (0)

         RAW Extended CPUIDs
     Function  eax      ebx      ecx      edx
Gst: 80000000  80000008 00000000 00000000 00000000
Hst:           80000008 00000000 00000000 00000000
Gst: 80000001  00000000 00000000 00000001 20100800
Hst:           00000000 00000000 00000001 20100800
Gst: 80000002  65746e49 2952286c 6f655820 2952286e
Hst:           65746e49 2952286c 6f655820 2952286e
Gst: 80000003  55504320 20202020 20202020 45202020
Hst:           55504320 20202020 20202020 45202020
Gst: 80000004  30323335 20402020 36382e31 007a4847
Hst:           30323335 20402020 36382e31 007a4847
Gst: 80000005  00000000 00000000 00000000 00000000
Hst:           00000000 00000000 00000000 00000000
Gst: 80000006  00000000 00000000 10008040 00000000
Hst:           00000000 00000000 10008040 00000000
Gst: 80000007  00000000 00000000 00000000 00000000
Hst:           00000000 00000000 00000000 00000000
Gst: 80000008  00003024 00000000 00000000 00000000
Hst:           00003024 00000000 00000000 00000000
Gst: 80000009  07280202 00000000 00000000 00000000*
Hst:           07280202 00000000 00000000 00000000
Ext Name:                        
Ext Supports:                    0x80000000-0x80000008
Family:                          0  	Extended: 0 	Effective: 0
Model:                           0  	Extended: 0 	Effective: 0
Stepping:                        0
Brand ID:                        0x000
Mnemonic - Description                 = guest (host)
FPU - x87 FPU on Chip                  = 0 (0)
VME - Virtual 8086 Mode Enhancements   = 0 (0)
DE - Debugging extensions              = 0 (0)
PSE - Page Size Extension              = 0 (0)
TSC - Time Stamp Counter               = 0 (0)
MSR - K86 Model Specific Registers     = 0 (0)
PAE - Physical Address Extension       = 0 (0)
MCE - Machine Check Exception          = 0 (0)
CX8 - CMPXCHG8B instruction            = 0 (0)
APIC - APIC On-Chip                    = 0 (0)
10 - Reserved                          = 0 (0)
SEP - SYSCALL and SYSRET               = 1 (1)
MTRR - Memory Type Range Registers     = 0 (0)
PGE - PTE Global Bit                   = 0 (0)
MCA - Machine Check Architecture       = 0 (0)
CMOV - Conditional Move Instructions   = 0 (0)
PAT - Page Attribute Table             = 0 (0)
PSE-36 - 36-bit Page Size Extention    = 0 (0)
18 - Reserved                          = 0 (0)
19 - Reserved                          = 0 (0)
NX - No-Execute Page Protection        = 1 (1)
DS - Debug Store                       = 0 (0)
AXMMX - AMD Extensions to MMX Instr.   = 0 (0)
MMX - Intel MMX Technology             = 0 (0)
FXSR - FXSAVE and FXRSTOR Instructions = 0 (0)
25 - AMD fast FXSAVE and FXRSTOR Instr.= 0 (0)
26 - 1 GB large page support           = 0 (0)
27 - RDTSCP instruction                = 0 (0)
28 - Reserved                          = 0 (0)
29 - AMD Long Mode                     = 1 (1)
30 - AMD Extensions to 3DNow!          = 0 (0)
31 - AMD 3DNow!                        = 0 (0)
LahfSahf - LAHF/SAHF in 64-bit mode    = 1 (1)
CmpLegacy - Core MP legacy mode (depr) = 0 (0)
SVM - AMD VM Extensions                = 0 (0)
APIC registers starting at 0x400       = 0 (0)
AltMovCR8 - LOCK MOV CR0 means MOV CR8 = 0 (0)
5  - Advanced bit manipulation         = 0 (0)
6  - SSE4A instruction support         = 0 (0)
7  - Misaligned SSE mode               = 0 (0)
8  - PREFETCH and PREFETCHW instruction= 0 (0)
9  - OS visible workaround             = 0 (0)
10 - Instruction based sampling        = 0 (0)
11 - SSE5 support                      = 0 (0)
12 - SKINIT, STGI, and DEV support     = 0 (0)
13 - Watchdog timer support.           = 0 (0)
31:14 - Reserved                       = 0x0 (0x0)
Full Name:                       Intel(R) Xeon(R) CPU           E5320  @ 1.86GHz
TLB 2/4M Instr/Uni:              res0     0 entries
TLB 2/4M Data:                   res0     0 entries
TLB 4K Instr/Uni:                res0     0 entries
TLB 4K Data:                     res0     0 entries
L1 Instr Cache Line Size:        0 bytes
L1 Instr Cache Lines Per Tag:    0
L1 Instr Cache Associativity:    res0  
L1 Instr Cache Size:             0 KB
L1 Data Cache Line Size:         0 bytes
L1 Data Cache Lines Per Tag:     0
L1 Data Cache Associativity:     res0  
L1 Data Cache Size:              0 KB
L2 TLB 2/4M Instr/Uni:           off       0 entries
L2 TLB 2/4M Data:                off       0 entries
L2 TLB 4K Instr/Uni:             off       0 entries
L2 TLB 4K Data:                  off       0 entries
L2 Cache Line Size:              0 bytes
L2 Cache Lines Per Tag:          0
L2 Cache Associativity:          off   
L2 Cache Size:                   0 KB
APM Features:                   
Physical Address Width:          36 bits
Virtual Address Width:           48 bits
Guest Physical Address Width:    0 bits
Physical Core Count:             0

         RAW Centaur CPUIDs
     Function  eax      ebx      ecx      edx
Gst: c0000000  07280202 00000000 00000000 00000000
Hst:           07280202 00000000 00000000 00000000
Gst: c0000001  07280202 00000000 00000000 00000000
Hst:           07280202 00000000 00000000 00000000
Gst: c0000002  07280202 00000000 00000000 00000000
Hst:           07280202 00000000 00000000 00000000
Gst: c0000003  07280202 00000000 00000000 00000000
Hst:           07280202 00000000 00000000 00000000
Centaur Supports:                0xc0000000-0x07280202
Mnemonic - Description                 = guest (host)
AIS - Alternate Instruction Set        = 0 (0)
AIS-E - AIS enabled                    = 0 (0)
RNG - Random Number Generator          = 0 (0)
RNG-E - RNG enabled                    = 0 (0)
LH - LongHaul MSR 0000_110Ah           = 0 (0)
FEMMS - FEMMS                          = 0 (0)
ACE - Advanced Cryptography Engine     = 0 (0)
ACE-E - ACE enabled                    = 0 (0)
ACE2 - Advanced Cryptography Engine 2  = 0 (0)
ACE2-E - ACE enabled                   = 0 (0)
PHE - Padlock Hash Engine              = 0 (0)
PHE-E - PHE enabled                    = 1 (0)
PMM - Montgomery Multiplier            = 0 (0)
PMM-E - PMM enabled                    = 0 (0)
14 - Reserved                          = 0 (0)
15 - Reserved                          = 0 (0)
Parallax                               = 0 (0)
Parallax enabled                       = 0 (0)
Overstress                             = 0 (0)
Overstress enabled                     = 0 (0)
TM3 - Temperature Monitoring 3         = 1 (0)
TM3-E - TM3 enabled                    = 0 (0)
RNG2 - Random Number Generator 2       = 0 (0)
RNG2-E - RNG2 enabled                  = 0 (0)
24 - Reserved                          = 0 (0)
PHE2 - Padlock Hash Engine 2           = 0 (0)
PHE2-E - PHE2 enabled                  = 0 (0)
Bit 29                                 = 1 (0)

!!
!! {handlers, phys virt hyper stats}
!!
Physical handlers: (PhysHandlers=61488 (0xf030))
From             - To (incl)         HandlerHC         UserHC            HandlerGC UserGC    Type     Description
00000000000a0000 - 00000000000bffff  00007fcb5d9a2ef0  00007fcb3ee794d0  ff7dbc00  ff4454d0  MMIO     VGA - VGA Video Buffer
00000000000c0000 - 00000000000c8fff  00007fcb5d94d140  00007fcb3ee796b0  ff7f9b50  ff4456b0  Write    VGA BIOS
00000000000e0000 - 00000000000e0fff  00007fcb5d94d140  00007fcb3ee820f0  ff7f9b50  ff44e0f0  Write    ACPI RSDP
00000000000e1000 - 00000000000e1fff  00007fcb5d94d140  00007fcb3ee64ee0  ff7f9b50  ff430ee0  Write    DMI tables
00000000000e2000 - 00000000000effff  00007fcb5d94d140  00007fcb3ee65810  ff7f9b50  ff431810  Write    Net Boot ROM
00000000000f0000 - 00000000000fffff  00007fcb5d94d140  00007fcb3ee64fe0  ff7f9b50  ff430fe0  Write    PC BIOS - 0xfffff
00000000e0000000 - 00000000e07fffff  00007fcb3d467f90  00007fcb3c2b0100  ff840530  ff85f100  Write    VGA LFB
00000000f0420000 - 00000000f043ffff  00007fcb5d9a2ef0  00007fcb3ee82f60  ff7dbc00  ff44ef60  MMIO     E1000
00000000fee00000 - 00000000fee00fff  00007fcb5d9a2ef0  00007fcb3ee68200  ff7dbc00  ff434200  MMIO     APIC Memory
00000000ffff0000 - 00000000ffffffff  00007fcb5d94d140  00007fcb3ee65330  ff7f9b50  ff431330  Write    PC BIOS - 0xffffffff
Virtual handlers:
From             - To (excl)         HandlerHC         HandlerGC Type       Description
Hypervisor Virtual handlers:
From             - To (excl)         HandlerHC         HandlerGC Type       Description
!!
!! {timers, <NULL>}
!!
Timers (pVM=00007fcb63c3d000)
pTimerR3         offNext  offPrev  offSched Clock               Time             Expire HzHint State                     Description
00007fcb3ee83640 ffff62b0 00000000 00000000 Real          1796197577         1796197542      0 2-ACTIVE                  EMT Yielder
00007fcb3ee835c0 00000000 ffff6330 00000000 Real          1796197577         1796197560      0 2-ACTIVE                  CPU Load Timer
00007fcb3ee82ae0 00000000 00000000 00000000 Virt          2951212977         2913950263      0 1-STOPPED                 Serial Transmit Timer
00007fcb3ee82a60 00000000 00000000 00000000 Virt          2951212977                  0      0 1-STOPPED                 Serial Fifo Timer
00007fcb3ee82720 00000000 fffe6ce0 00000000 VrSy          2874933929      1199864031601      0 2-ACTIVE                  ACPI PM Timer
00007fcb3ee80ab0 00000000 00000000 00000000 Virt          2951212977                  0      0 1-STOPPED                 E1000 Link Up Timer
00007fcb3ee80a30 00000000 00000000 00000000 Virt          2951212977                  0      0 1-STOPPED                 E1000 Late Interrupt Timer
00007fcb3ee798f0 00009cd0 00009d50 00000000 Real          1796197579         1796197551      0 2-ACTIVE                  VGA Refresh Timer
00007fcb3ee69480 00000000 00000000 00000000 VrSy          2874933929         1990244140      0 1-STOPPED                 MC146818 RTC/CMOS - Second2
00007fcb3ee69400 00019320 fffff990 00000000 VrSy          2874933929         2990000000      0 2-ACTIVE                  MC146818 RTC/CMOS - Second
00007fcb3ee69380 00000000 00000000 00000000 VrSy          2874933929                  0      0 1-STOPPED                 MC146818 RTC/CMOS - Periodic
00007fcb3ee68d90 00000670 00000000 00000000 VrSy          2874933929         2875931263   1002 2-ACTIVE                  i8254 Programmable Interval Timer
00007fcb3ee683c0 00000000 00000000 00000000 VrSy          2874933929                  0      0 1-STOPPED                 APIC Timer #0
00007fcb3ee673e0 00000000 00000000 00000000 Virt          2951212977            4929637      0 1-STOPPED                 PS2K Delay Timer
00007fcb3ee67360 00000000 00000000 00000000 Real          1796197580                  0      0 1-STOPPED                 PS2K Typematic Timer
00007fcb3ee64840 00000000 00000000 00000000 Real          1796197581                  0      0 1-STOPPED                 BlkCache-Commit
!!
!! {activetimers, <NULL>}
!!
Active Timers (pVM=00007fcb63c3d000)
pTimerR3         offNext  offPrev  offSched Clock               Time             Expire HzHint State                     Description
00007fcb3ee83640 ffff62b0 00000000 00000000 Real          1796197581         1796197542      0 2-ACTIVE                  EMT Yielder
00007fcb3ee798f0 00009cd0 00009d50 00000000 Real          1796197582         1796197551      0 2-ACTIVE                  VGA Refresh Timer
00007fcb3ee835c0 00000000 ffff6330 00000000 Real          1796197582         1796197560      0 2-ACTIVE                  CPU Load Timer
00007fcb3ee68d90 00000670 00000000 00000000 VrSy          2874933929         2875931263   1002 2-ACTIVE                  i8254 Programmable Interval Timer
00007fcb3ee69400 00019320 fffff990 00000000 VrSy          2874933929         2990000000      0 2-ACTIVE                  MC146818 RTC/CMOS - Second
00007fcb3ee82720 00000000 fffe6ce0 00000000 VrSy          2874933929      1199864031601      0 2-ACTIVE                  ACPI PM Timer
!!
!! {apic}
!!
Invalid argument. Recognized arguments are 'basic', 'lvt', 'timer'.
!!
!! {cfgm}
!!
pRoot=00007fcb4c000ae0:{/}
[/] (level 0)
  CSAMEnabled     <integer> = 0x0000000000000001 (1)
  CpuExecutionCap <integer> = 0x0000000000000064 (100)
  EnablePAE       <integer> = 0x0000000000000000 (0)
  HwVirtExtForced <integer> = 0x0000000000000000 (0)
  MemBalloonSize  <integer> = 0x0000000000000000 (0)
  Name            <string>  = "VXINU" (cb=6)
  NumCPUs         <integer> = 0x0000000000000001 (1)
  PATMEnabled     <integer> = 0x0000000000000001 (1)
  PageFusion      <integer> = 0x0000000000000000 (0)
  RamHoleSize     <integer> = 0x0000000020000000 (536 870 912, 512 MB)
  RamSize         <integer> = 0x0000000002000000 (33 554 432, 32 MB)
  RawR0Enabled    <integer> = 0x0000000000000001 (1)
  RawR3Enabled    <integer> = 0x0000000000000001 (1)
  TimerMillies    <integer> = 0x000000000000000a (10)
  UUID            <bytes>   = "36 3a 85 8c 1e 34 67 48 af 33 a6 1d 79 8e a5 2a" (cb=16)

[/CPUM/] (level 1)
  SyntheticCpu <integer> = 0x0000000000000000 (0)

[/DBGF/] (level 1)
  Path <string>  = "/homes/thoma422/.vxinu/VirtualBox/VXINU/debug/;/homes/thoma422/.vxinu/VirtualBox/VXINU/;/homes/thoma422/" (cb=105)

[/Devices/] (level 1)

[/Devices/8237A/] (level 2)

[/Devices/8237A/0/] (level 3)
  Trusted <integer> = 0x0000000000000001 (1)

[/Devices/8237A/0/Config/] (level 4) (restricted root)

[/Devices/AudioSniffer/] (level 2)

[/Devices/AudioSniffer/0/] (level 3)

[/Devices/AudioSniffer/0/Config/] (level 4) (restricted root)

[/Devices/AudioSniffer/0/LUN#0/] (level 4)
  Driver <string>  = "MainAudioSniffer" (cb=17)

[/Devices/AudioSniffer/0/LUN#0/Config/] (level 5) (restricted root)
  Object <integer> = 0x00007fcb5000d790 (140 511 197 321 104)

[/Devices/VMMDev/] (level 2)

[/Devices/VMMDev/0/] (level 3)
  PCIBusNo      <integer> = 0x0000000000000000 (0)
  PCIDeviceNo   <integer> = 0x0000000000000004 (4)
  PCIFunctionNo <integer> = 0x0000000000000000 (0)
  Trusted       <integer> = 0x0000000000000001 (1)

[/Devices/VMMDev/0/Config/] (level 4) (restricted root)
  GuestCoreDumpDir <string>  = "/homes/thoma422/.vxinu/VirtualBox/VXINU/Snapshots" (cb=50)
  RamSize          <integer> = 0x0000000002000000 (33 554 432, 32 MB)

[/Devices/VMMDev/0/LUN#0/] (level 4)
  Driver <string>  = "HGCM" (cb=5)

[/Devices/VMMDev/0/LUN#0/Config/] (level 5) (restricted root)
  Object <integer> = 0x00007fcb48000910 (140 511 063 050 512)

[/Devices/VMMDev/0/LUN#999/] (level 4)
  Driver <string>  = "MainStatus" (cb=11)

[/Devices/VMMDev/0/LUN#999/Config/] (level 5) (restricted root)
  First   <integer> = 0x0000000000000000 (0)
  Last    <integer> = 0x0000000000000000 (0)
  papLeds <integer> = 0x00007fcb50001778 (140 511 197 271 928)

[/Devices/acpi/] (level 2)

[/Devices/acpi/0/] (level 3)
  PCIBusNo      <integer> = 0x0000000000000000 (0)
  PCIDeviceNo   <integer> = 0x0000000000000007 (7)
  PCIFunctionNo <integer> = 0x0000000000000000 (0)
  Trusted       <integer> = 0x0000000000000001 (1)

[/Devices/acpi/0/Config/] (level 4) (restricted root)
  CpuHotPlug        <integer> = 0x0000000000000000 (0)
  FdcEnabled        <integer> = 0x0000000000000000 (0)
  HostBusPciAddress <integer> = 0x0000000000000000 (0)
  HpetEnabled       <integer> = 0x0000000000000000 (0)
  IOAPIC            <integer> = 0x0000000000000000 (0)
  IocPciAddress     <integer> = 0x0000000000010000 (65 536)
  NumCPUs           <integer> = 0x0000000000000001 (1)
  RamHoleSize       <integer> = 0x0000000020000000 (536 870 912, 512 MB)
  RamSize           <integer> = 0x0000000002000000 (33 554 432, 32 MB)
  Serial0IoPortBase <integer> = 0x00000000000003f8 (1 016)
  Serial0Irq        <integer> = 0x0000000000000004 (4)
  Serial1IoPortBase <integer> = 0x0000000000000000 (0)
  Serial1Irq        <integer> = 0x0000000000000000 (0)
  ShowCpu           <integer> = 0x0000000000000000 (0)
  ShowRtc           <integer> = 0x0000000000000000 (0)
  SmcEnabled        <integer> = 0x0000000000000000 (0)

[/Devices/acpi/0/LUN#0/] (level 4)
  Driver <string>  = "ACPIHost" (cb=9)

[/Devices/acpi/0/LUN#0/Config/] (level 5) (restricted root)

[/Devices/apic/] (level 2)

[/Devices/apic/0/] (level 3)
  Trusted <integer> = 0x0000000000000001 (1)

[/Devices/apic/0/Config/] (level 4) (restricted root)
  IOAPIC  <integer> = 0x0000000000000000 (0)
  NumCPUs <integer> = 0x0000000000000001 (1)

[/Devices/e1000/] (level 2)

[/Devices/e1000/0/] (level 3)
  PCIBusNo      <integer> = 0x0000000000000000 (0)
  PCIDeviceNo   <integer> = 0x0000000000000011 (17)
  PCIFunctionNo <integer> = 0x0000000000000000 (0)
  Trusted       <integer> = 0x0000000000000001 (1)

[/Devices/e1000/0/Config/] (level 4) (restricted root)
  AdapterType    <integer> = 0x0000000000000002 (2)
  CableConnected <integer> = 0x0000000000000001 (1)
  LineSpeed      <integer> = 0x0000000000000000 (0)
  MAC            <bytes>   = "08 00 27 94 75 4a" (cb=6)

[/Devices/e1000/0/LUN#0/] (level 4)
  Driver <string>  = "NetSniffer" (cb=11)

[/Devices/e1000/0/LUN#0/AttachedDriver/] (level 5)
  Driver <string>  = "NAT" (cb=4)

[/Devices/e1000/0/LUN#0/AttachedDriver/Config/] (level 6) (restricted root)
  AliasMode       <integer> = 0x0000000000000000 (0)
  BootFile        <string>  = "VXINU.pxe" (cb=10)
  DNSProxy        <integer> = 0x0000000000000000 (0)
  Network         <string>  = "10.0.2.0/24" (cb=12)
  PassDomain      <integer> = 0x0000000000000001 (1)
  TFTPPrefix      <string>  = "/homes/thoma422/.vxinu/VirtualBox/TFTP" (cb=39)
  UseHostResolver <integer> = 0x0000000000000000 (0)

[/Devices/e1000/0/LUN#0/AttachedDriver/Config/portforwarding/] (level 7)
  GuestPort <integer> = 0x0000000000000050 (80)
  HostPort  <integer> = 0x00000000000075fb (30 203)
  Protocol  <string>  = "UDP" (cb=4)

[/Devices/e1000/0/LUN#0/Config/] (level 5) (restricted root)
  File <string>  = "/homes/thoma422/xinu-14spring-lab4-x86/compile/vxinu.pcap" (cb=58)

[/Devices/e1000/0/LUN#999/] (level 4)
  Driver <string>  = "MainStatus" (cb=11)

[/Devices/e1000/0/LUN#999/Config/] (level 5) (restricted root)
  First   <integer> = 0x0000000000000000 (0)
  Last    <integer> = 0x0000000000000000 (0)
  papLeds <integer> = 0x00007fcb50001658 (140 511 197 271 640)

[/Devices/i8254/] (level 2)

[/Devices/i8254/0/] (level 3)

[/Devices/i8254/0/Config/] (level 4) (restricted root)

[/Devices/i8259/] (level 2)

[/Devices/i8259/0/] (level 3)
  Trusted <integer> = 0x0000000000000001 (1)

[/Devices/i8259/0/Config/] (level 4) (restricted root)

[/Devices/mc146818/] (level 2)

[/Devices/mc146818/0/] (level 3)

[/Devices/mc146818/0/Config/] (level 4) (restricted root)
  UseUTC <integer> = 0x0000000000000000 (0)

[/Devices/parallel/] (level 2)

[/Devices/pcarch/] (level 2)

[/Devices/pcarch/0/] (level 3)
  Trusted <integer> = 0x0000000000000001 (1)

[/Devices/pcarch/0/Config/] (level 4) (restricted root)

[/Devices/pcbios/] (level 2)

[/Devices/pcbios/0/] (level 3)
  Trusted <integer> = 0x0000000000000001 (1)

[/Devices/pcbios/0/Config/] (level 4) (restricted root)
  BootDevice0    <string>  = "DVD" (cb=4)
  BootDevice1    <string>  = "NONE" (cb=5)
  BootDevice2    <string>  = "NONE" (cb=5)
  BootDevice3    <string>  = "NONE" (cb=5)
  FloppyDevice   <string>  = "i82078" (cb=7)
  HardDiskDevice <string>  = "piix3ide" (cb=9)
  IOAPIC         <integer> = 0x0000000000000000 (0)
  LanBootRom     <string>  = "/usr/lib64/virtualbox/ExtensionPacks/Oracle_VM_VirtualBox_Extension_Pack/PXE-Intel.rom" (cb=87)
  McfgBase       <integer> = 0x0000000000000000 (0)
  McfgLength     <integer> = 0x0000000000000000 (0)
  NumCPUs        <integer> = 0x0000000000000001 (1)
  PXEDebug       <integer> = 0x0000000000000000 (0)
  RamHoleSize    <integer> = 0x0000000020000000 (536 870 912, 512 MB)
  RamSize        <integer> = 0x0000000002000000 (33 554 432, 32 MB)
  UUID           <bytes>   = "36 3a 85 8c 1e 34 67 48 af 33 a6 1d 79 8e a5 2a" (cb=16)

[/Devices/pcbios/0/Config/NetBoot/] (level 5)

[/Devices/pcbios/0/Config/NetBoot/0/] (level 6)
  NIC           <integer> = 0x0000000000000000 (0)
  PCIBusNo      <integer> = 0x0000000000000000 (0)
  PCIDeviceNo   <integer> = 0x0000000000000011 (17)
  PCIFunctionNo <integer> = 0x0000000000000000 (0)

[/Devices/pci/] (level 2)

[/Devices/pci/0/] (level 3)
  Trusted <integer> = 0x0000000000000001 (1)

[/Devices/pci/0/Config/] (level 4) (restricted root)
  IOAPIC <integer> = 0x0000000000000000 (0)

[/Devices/pckbd/] (level 2)

[/Devices/pckbd/0/] (level 3)
  Trusted <integer> = 0x0000000000000001 (1)

[/Devices/pckbd/0/Config/] (level 4) (restricted root)

[/Devices/pckbd/0/LUN#0/] (level 4)
  Driver <string>  = "KeyboardQueue" (cb=14)

[/Devices/pckbd/0/LUN#0/AttachedDriver/] (level 5)
  Driver <string>  = "MainKeyboard" (cb=13)

[/Devices/pckbd/0/LUN#0/AttachedDriver/Config/] (level 6) (restricted root)
  Object <integer> = 0x00007fcb5000b270 (140 511 197 311 600)

[/Devices/pckbd/0/LUN#0/Config/] (level 5) (restricted root)
  QueueSize <integer> = 0x0000000000000040 (64)

[/Devices/pckbd/0/LUN#1/] (level 4)
  Driver <string>  = "MouseQueue" (cb=11)

[/Devices/pckbd/0/LUN#1/AttachedDriver/] (level 5)
  Driver <string>  = "MainMouse" (cb=10)

[/Devices/pckbd/0/LUN#1/AttachedDriver/Config/] (level 6) (restricted root)
  Object <integer> = 0x00007fcb5000b7b0 (140 511 197 312 944)

[/Devices/pckbd/0/LUN#1/Config/] (level 5) (restricted root)
  QueueSize <integer> = 0x0000000000000080 (128)

[/Devices/pcnet/] (level 2)

[/Devices/piix3ide/] (level 2)

[/Devices/piix3ide/0/] (level 3)
  PCIBusNo      <integer> = 0x0000000000000000 (0)
  PCIDeviceNo   <integer> = 0x0000000000000001 (1)
  PCIFunctionNo <integer> = 0x0000000000000001 (1)
  Trusted       <integer> = 0x0000000000000001 (1)

[/Devices/piix3ide/0/Config/] (level 4) (restricted root)
  Type <string>  = "PIIX4" (cb=6)

[/Devices/piix3ide/0/Config/PrimaryMaster/] (level 5)
  NonRotationalMedium <integer> = 0x0000000000000000 (0)

[/Devices/piix3ide/0/LUN#0/] (level 4)
  Driver <string>  = "Block" (cb=6)

[/Devices/piix3ide/0/LUN#0/AttachedDriver/] (level 5)
  Driver <string>  = "VD" (cb=3)

[/Devices/piix3ide/0/LUN#0/AttachedDriver/Config/] (level 6) (restricted root)
  Format   <string>  = "RAW" (cb=4)
  Path     <string>  = "/homes/thoma422/.vxinu/VirtualBox/VXINU.iso" (cb=44)
  ReadOnly <integer> = 0x0000000000000001 (1)
  Type     <string>  = "DVD" (cb=4)

[/Devices/piix3ide/0/LUN#0/Config/] (level 5) (restricted root)
  Mountable <integer> = 0x0000000000000001 (1)
  Type      <string>  = "DVD" (cb=4)

[/Devices/piix3ide/0/LUN#999/] (level 4)
  Driver <string>  = "MainStatus" (cb=11)

[/Devices/piix3ide/0/LUN#999/Config/] (level 5) (restricted root)
  DeviceInstance        <string>  = "piix3ide/0" (cb=11)
  First                 <integer> = 0x0000000000000000 (0)
  Last                  <integer> = 0x0000000000000003 (3)
  pConsole              <integer> = 0x00007fcb50001160 (140 511 197 270 368)
  papLeds               <integer> = 0x00007fcb50001488 (140 511 197 271 176)
  pmapMediumAttachments <integer> = 0x00007fcb50001790 (140 511 197 271 952)

[/Devices/serial/] (level 2)

[/Devices/serial/0/] (level 3)

[/Devices/serial/0/Config/] (level 4) (restricted root)
  IOBase <integer> = 0x00000000000003f8 (1 016)
  IRQ    <integer> = 0x0000000000000004 (4)

[/Devices/serial/0/LUN#0/] (level 4)
  Driver <string>  = "Char" (cb=5)

[/Devices/serial/0/LUN#0/AttachedDriver/] (level 5)
  Driver <string>  = "NamedPipe" (cb=10)

[/Devices/serial/0/LUN#0/AttachedDriver/Config/] (level 6) (restricted root)
  IsServer <integer> = 0x0000000000000001 (1)
  Location <string>  = "/homes/thoma422/.vxinu/VirtualBox/VXINU_com1" (cb=45)

[/Devices/serial/0/LUN#0/Config/] (level 5) (restricted root)

[/Devices/vga/] (level 2)

[/Devices/vga/0/] (level 3)
  PCIBusNo      <integer> = 0x0000000000000000 (0)
  PCIDeviceNo   <integer> = 0x0000000000000002 (2)
  PCIFunctionNo <integer> = 0x0000000000000000 (0)
  Trusted       <integer> = 0x0000000000000001 (1)

[/Devices/vga/0/Config/] (level 4) (restricted root)
  CustomVideoModes <integer> = 0x0000000000000000 (0)
  FadeIn           <integer> = 0x0000000000000001 (1)
  FadeOut          <integer> = 0x0000000000000001 (1)
  HeightReduction  <integer> = 0x0000000000000000 (0)
  LogoFile         <string>  = "" (cb=1)
  LogoTime         <integer> = 0x0000000000000000 (0)
  MonitorCount     <integer> = 0x0000000000000001 (1)
  ShowBootMenu     <integer> = 0x0000000000000002 (2)
  VRamSize         <integer> = 0x0000000000800000 (8 388 608, 8 MB)

[/Devices/vga/0/LUN#0/] (level 4)
  Driver <string>  = "MainDisplay" (cb=12)

[/Devices/vga/0/LUN#0/Config/] (level 5) (restricted root)
  Object <integer> = 0x00007fcb50001a20 (140 511 197 272 608)

[/Devices/virtio-net/] (level 2)

[/HWVirtExt/] (level 1)
  EnableLargePages   <integer> = 0x0000000000000000 (0)
  EnableNestedPaging <integer> = 0x0000000000000001 (1)
  EnableVPID         <integer> = 0x0000000000000001 (1)
  Enabled            <integer> = 0x0000000000000001 (1)
  Exclusive          <integer> = 0x0000000000000001 (1)

[/MM/] (level 1)
  CanUseLargerHeap <integer> = 0x0000000000000000 (0)

[/PDM/] (level 1)

[/PDM/AsyncCompletion/] (level 2)

[/PDM/AsyncCompletion/File/] (level 3)

[/PDM/AsyncCompletion/File/BwGroups/] (level 4)

[/PDM/BlkCache/] (level 2)
  CacheSize <integer> = 0x0000000000500000 (5 242 880, 5 MB)

[/PDM/Devices/] (level 2)

[/PDM/Devices/VBoxEhci/] (level 3)
  Path         <string>  = "/usr/lib64/virtualbox/ExtensionPacks/Oracle_VM_VirtualBox_Extension_Pack/linux.amd64/VBoxEhciR3.so" (cb=99)
  R0SearchPath <string>  = "/usr/lib64/virtualbox/ExtensionPacks/Oracle_VM_VirtualBox_Extension_Pack/linux.amd64" (cb=85)
  RCSearchPath <string>  = "/usr/lib64/virtualbox/ExtensionPacks/Oracle_VM_VirtualBox_Extension_Pack/linux.amd64" (cb=85)

[/PDM/Devices/VBoxPciRaw/] (level 3)
  Path         <string>  = "/usr/lib64/virtualbox/ExtensionPacks/Oracle_VM_VirtualBox_Extension_Pack/linux.amd64/VBoxPciRawR3.so" (cb=101)
  R0SearchPath <string>  = "/usr/lib64/virtualbox/ExtensionPacks/Oracle_VM_VirtualBox_Extension_Pack/linux.amd64" (cb=85)

[/PDM/Drivers/] (level 2)

[/PDM/Drivers/DrvHostWebcam/] (level 3)
  Path <string>  = "/usr/lib64/virtualbox/ExtensionPacks/Oracle_VM_VirtualBox_Extension_Pack/linux.amd64/VBoxHostWebcam.so" (cb=103)

[/PDM/Drivers/VBoxC/] (level 3)
  Path <string>  = "/usr/lib64/virtualbox/components/VBoxC" (cb=39)

[/PDM/Drivers/VBoxPciRawDrv/] (level 3)
  Path <string>  = "/usr/lib64/virtualbox/ExtensionPacks/Oracle_VM_VirtualBox_Extension_Pack/linux.amd64/VBoxPciRawDrv.so" (cb=102)

[/PDM/NetworkShaper/] (level 2)

[/PDM/NetworkShaper/BwGroups/] (level 3)

[/PDM/USB/] (level 2)

[/PDM/USB/VBoxUsbCardReader/] (level 3)
  Path <string>  = "/usr/lib64/virtualbox/ExtensionPacks/Oracle_VM_VirtualBox_Extension_Pack/linux.amd64/VBoxUsbCardReaderR3.so" (cb=108)

[/PDM/USB/VBoxUsbWebcam/] (level 3)
  Path <string>  = "/usr/lib64/virtualbox/ExtensionPacks/Oracle_VM_VirtualBox_Extension_Pack/linux.amd64/VBoxUsbWebcamR3.so" (cb=104)

[/TM/] (level 1)
  UTCOffset <integer> = 0x0000000000000000 (0)

!!
!! {clocks}
!!
Cpu Tick:         5298221852 (0x0000013bcc731c) 1842902127Hz paused - virtualized - virtual clock
 Virtual:         2951212977 (0x000000afe7efb1) 1000000000Hz paused
VirtSync:         2874933929 (0x000000ab5c02a9) paused - catchup
          offset 72148019  catch-up rate 50 %
    Real:         1796197610 (0x0000006b0fccea) 1000Hz
!!
!! {cmos1}
!!
First CMOS bank, offsets 0x0E - 0x7F
Offset 00 : --- use 'info rtc' to show CMOS clock --- 00 00
Offset 10 : 00 00 00 00 0e 80 02 00-7c 00 00 00 00 00 00 00
Offset 20 : 00 00 00 00 00 00 00 00-00 00 00 00 00 00 01 0c
Offset 30 : 00 7c 20 00 00 01 00 20-00 00 00 00 00 03 00 00
Offset 40 : 00 00 00 00 00 00 00 00-00 00 00 00 00 00 00 00
Offset 50 : 00 00 00 00 00 00 00 00-00 00 00 00 00 00 00 00
Offset 60 : 01 00 00 00 00 00 00 00-00 00 00 00 00 00 00 00
Offset 70 : 00 00 00 00 00 00 00 00-00 00 00 00 00 00 00 00
!!
!! {cmos2}
!!
Second CMOS bank, offsets 0x80 - 0xFF
Offset 80 : 00 00 88 00 ff ff ff ff-ff ff 00 00 00 00 00 00
Offset 90 : 00 00 00 00 00 00 00 00-00 00 00 00 00 00 00 00
Offset a0 : 00 00 00 00 00 00 00 00-00 00 00 00 00 00 00 00
Offset b0 : 00 00 00 00 00 00 00 00-00 00 00 00 00 00 00 00
Offset c0 : 00 00 00 00 00 00 00 00-00 00 00 00 00 00 00 00
Offset d0 : 00 00 00 00 00 00 00 00-00 00 00 00 00 00 00 00
Offset e0 : 00 00 00 00 00 00 00 00-00 00 00 00 00 00 00 00
Offset f0 : 00 00 00 00 00 00 00 00-00 00 00 00 00 00 00 00
!!
!! {e1k0}
!!
E1000 #0: port=d040 mmio=00000000f0420000 mac-cfg=08:00:27:94:75:4a 82545EM GC R0
    CTRL = 00000a09
  STATUS = 00000081
    EECD = 00000100
    EERD = 00000000
CTRL_EXT = 00000000
     FLA = 00000000
    MDIC = 00000000
    FCAL = 00000000
    FCAH = 00000000
     FCT = 00000000
     VET = 00000000
     ICR = 00000000
     ITR = 000000c3
     ICS = 00000000
     IMS = 000000cd
     IMC = 00000000
    RCTL = 00000000
   FCTTV = 00000000
    TXCW = 00000000
    RXCW = 00000000
    TCTL = 0103f0fa
    TIPG = 00602008
    AIFS = 00000000
  LEDCTL = 00000000
     PBA = 00000000
   FCRTL = 00000000
   FCRTH = 00000000
    RDFH = 00000000
    RDFT = 00000000
   RDFHS = 00000000
   RDFTS = 00000000
   RDFPC = 00000000
   RDBAL = 00012f20
   RDBAH = 00000000
   RDLEN = 00000200
     RDH = 00000000
     RDT = 00000010
    RDTR = 00000000
  RXDCTL = 00000000
    RADV = 00000008
   RSRPD = 00000000
  TXDMAC = 00000000
    TDFH = 00000000
    TDFT = 00000000
   TDFHS = 00000000
   TDFTS = 00000000
   TDFPC = 00000000
   TDBAL = 00013130
   TDBAH = 00000000
   TDLEN = 00000100
     TDH = 00000000
     TDT = 00000000
    TIDV = 00000008
  TXDCTL = 01000000
    TADV = 00000020
   TSPMT = 01000400
 CRCERRS = 00000000
ALGNERRC = 00000000
 SYMERRS = 00000000
  RXERRC = 00000000
     MPC = 00000000
     SCC = 00000000
    ECOL = 00000000
     MCC = 00000000
 LATECOL = 00000000
    COLC = 00000000
      DC = 00000000
   TNCRS = 00000000
     SEC = 00000000
 CEXTERR = 00000000
    RLEC = 00000000
  XONRXC = 00000000
  XONTXC = 00000000
 XOFFRXC = 00000000
 XOFFTXC = 00000000
   FCRUC = 00000000
   PRC64 = 00000000
  PRC127 = 00000000
  PRC255 = 00000000
  PRC511 = 00000000
 PRC1023 = 00000000
 PRC1522 = 00000000
    GPRC = 00000000
    BPRC = 00000000
    MPRC = 00000000
    GPTC = 00000000
   GORCL = 00000000
   GORCH = 00000000
   GOTCL = 00000000
   GOTCH = 00000000
    RNBC = 00000000
     RUC = 00000000
     RFC = 00000000
     ROC = 00000000
     RJC = 00000000
  MGTPRC = 00000000
  MGTPDC = 00000000
  MGTPTC = 00000000
    TORL = 00000000
    TORH = 00000000
    TOTL = 00000000
    TOTH = 00000000
     TPR = 00000000
     TPT = 00000000
   PTC64 = 00000000
  PTC127 = 00000000
  PTC255 = 00000000
  PTC511 = 00000000
 PTC1023 = 00000000
 PTC1522 = 00000000
    MPTC = 00000000
    BPTC = 00000000
   TSCTC = 00000000
  TSCTFC = 00000000
  RXCSUM = 00000000
     WUC = 00000000
    WUFC = 00000000
     WUS = 00000000
    MANC = 00000000
    IPAV = 00000000
    WUPL = 00000000
RA00: DST 08:00:27:94:75:4a

-- Receive Descriptors (32 total) --
>>> 0000000000012f20: Address=               0 Length=0000 Csum=0000
        STA: pif ipcs tcpcs vp ixsm eop dd ERR: rxe ipe tcpe ce SPECIAL: cfi VLAN=000 PRI=0
0000000000012f30: Address=               0 Length=0000 Csum=0000
        STA: pif ipcs tcpcs vp ixsm eop dd ERR: rxe ipe tcpe ce SPECIAL: cfi VLAN=000 PRI=0
0000000000012f40: Address=               0 Length=0000 Csum=0000
        STA: pif ipcs tcpcs vp ixsm eop dd ERR: rxe ipe tcpe ce SPECIAL: cfi VLAN=000 PRI=0
0000000000012f50: Address=               0 Length=0000 Csum=0000
        STA: pif ipcs tcpcs vp ixsm eop dd ERR: rxe ipe tcpe ce SPECIAL: cfi VLAN=000 PRI=0
0000000000012f60: Address=               0 Length=0000 Csum=0000
        STA: pif ipcs tcpcs vp ixsm eop dd ERR: rxe ipe tcpe ce SPECIAL: cfi VLAN=000 PRI=0
0000000000012f70: Address=               0 Length=0000 Csum=0000
        STA: pif ipcs tcpcs vp ixsm eop dd ERR: rxe ipe tcpe ce SPECIAL: cfi VLAN=000 PRI=0
0000000000012f80: Address=               0 Length=0000 Csum=0000
        STA: pif ipcs tcpcs vp ixsm eop dd ERR: rxe ipe tcpe ce SPECIAL: cfi VLAN=000 PRI=0
0000000000012f90: Address=               0 Length=0000 Csum=0000
        STA: pif ipcs tcpcs vp ixsm eop dd ERR: rxe ipe tcpe ce SPECIAL: cfi VLAN=000 PRI=0
0000000000012fa0: Address=               0 Length=0000 Csum=0000
        STA: pif ipcs tcpcs vp ixsm eop dd ERR: rxe ipe tcpe ce SPECIAL: cfi VLAN=000 PRI=0
0000000000012fb0: Address=               0 Length=0000 Csum=0000
        STA: pif ipcs tcpcs vp ixsm eop dd ERR: rxe ipe tcpe ce SPECIAL: cfi VLAN=000 PRI=0
0000000000012fc0: Address=               0 Length=0000 Csum=0000
        STA: pif ipcs tcpcs vp ixsm eop dd ERR: rxe ipe tcpe ce SPECIAL: cfi VLAN=000 PRI=0
0000000000012fd0: Address=               0 Length=0000 Csum=0000
        STA: pif ipcs tcpcs vp ixsm eop dd ERR: rxe ipe tcpe ce SPECIAL: cfi VLAN=000 PRI=0
0000000000012fe0: Address=               0 Length=0000 Csum=0000
        STA: pif ipcs tcpcs vp ixsm eop dd ERR: rxe ipe tcpe ce SPECIAL: cfi VLAN=000 PRI=0
0000000000012ff0: Address=               0 Length=0000 Csum=0000
        STA: pif ipcs tcpcs vp ixsm eop dd ERR: rxe ipe tcpe ce SPECIAL: cfi VLAN=000 PRI=0
0000000000013000: Address=               0 Length=0000 Csum=0000
        STA: pif ipcs tcpcs vp ixsm eop dd ERR: rxe ipe tcpe ce SPECIAL: cfi VLAN=000 PRI=0
0000000000013010: Address=               0 Length=0000 Csum=0000
        STA: pif ipcs tcpcs vp ixsm eop dd ERR: rxe ipe tcpe ce SPECIAL: cfi VLAN=000 PRI=0
0000000000013020: Address=               0 Length=0000 Csum=0000
        STA: pif ipcs tcpcs vp ixsm eop dd ERR: rxe ipe tcpe ce SPECIAL: cfi VLAN=000 PRI=0
0000000000013030: Address=               0 Length=0000 Csum=0000
        STA: pif ipcs tcpcs vp ixsm eop dd ERR: rxe ipe tcpe ce SPECIAL: cfi VLAN=000 PRI=0
0000000000013040: Address=               0 Length=0000 Csum=0000
        STA: pif ipcs tcpcs vp ixsm eop dd ERR: rxe ipe tcpe ce SPECIAL: cfi VLAN=000 PRI=0
0000000000013050: Address=               0 Length=0000 Csum=0000
        STA: pif ipcs tcpcs vp ixsm eop dd ERR: rxe ipe tcpe ce SPECIAL: cfi VLAN=000 PRI=0
0000000000013060: Address=               0 Length=0000 Csum=0000
        STA: pif ipcs tcpcs vp ixsm eop dd ERR: rxe ipe tcpe ce SPECIAL: cfi VLAN=000 PRI=0
0000000000013070: Address=               0 Length=0000 Csum=0000
        STA: pif ipcs tcpcs vp ixsm eop dd ERR: rxe ipe tcpe ce SPECIAL: cfi VLAN=000 PRI=0
0000000000013080: Address=               0 Length=0000 Csum=0000
        STA: pif ipcs tcpcs vp ixsm eop dd ERR: rxe ipe tcpe ce SPECIAL: cfi VLAN=000 PRI=0
0000000000013090: Address=               0 Length=0000 Csum=0000
        STA: pif ipcs tcpcs vp ixsm eop dd ERR: rxe ipe tcpe ce SPECIAL: cfi VLAN=000 PRI=0
00000000000130a0: Address=               0 Length=0000 Csum=0000
        STA: pif ipcs tcpcs vp ixsm eop dd ERR: rxe ipe tcpe ce SPECIAL: cfi VLAN=000 PRI=0
00000000000130b0: Address=               0 Length=0000 Csum=0000
        STA: pif ipcs tcpcs vp ixsm eop dd ERR: rxe ipe tcpe ce SPECIAL: cfi VLAN=000 PRI=0
00000000000130c0: Address=               0 Length=0000 Csum=0000
        STA: pif ipcs tcpcs vp ixsm eop dd ERR: rxe ipe tcpe ce SPECIAL: cfi VLAN=000 PRI=0
00000000000130d0: Address=               0 Length=0000 Csum=0000
        STA: pif ipcs tcpcs vp ixsm eop dd ERR: rxe ipe tcpe ce SPECIAL: cfi VLAN=000 PRI=0
00000000000130e0: Address=               0 Length=0000 Csum=0000
        STA: pif ipcs tcpcs vp ixsm eop dd ERR: rxe ipe tcpe ce SPECIAL: cfi VLAN=000 PRI=0
00000000000130f0: Address=               0 Length=0000 Csum=0000
        STA: pif ipcs tcpcs vp ixsm eop dd ERR: rxe ipe tcpe ce SPECIAL: cfi VLAN=000 PRI=0
0000000000013100: Address=               0 Length=0000 Csum=0000
        STA: pif ipcs tcpcs vp ixsm eop dd ERR: rxe ipe tcpe ce SPECIAL: cfi VLAN=000 PRI=0
0000000000013110: Address=               0 Length=0000 Csum=0000
        STA: pif ipcs tcpcs vp ixsm eop dd ERR: rxe ipe tcpe ce SPECIAL: cfi VLAN=000 PRI=0

-- Receive Descriptors in Cache (at 0 (RDH 0)/ fetched 0 / max 16) --

-- Transmit Descriptors (16 total) --
>>> 0000000000013130: Type=Legacy Address=               0 DTALEN=0012C
        CMD: IDE RS IFCS EOP STA: CSO=00 CSS=00 SPECIAL:cfi VLAN=000 PRI=0
0000000000013140: Type=Legacy Address=               0 DTALEN=00000
        CMD: STA: CSO=00 CSS=00 SPECIAL:cfi VLAN=000 PRI=0
0000000000013150: Type=Legacy Address=               0 DTALEN=00000
        CMD: STA: CSO=00 CSS=00 SPECIAL:cfi VLAN=000 PRI=0
0000000000013160: Type=Legacy Address=               0 DTALEN=00000
        CMD: STA: CSO=00 CSS=00 SPECIAL:cfi VLAN=000 PRI=0
0000000000013170: Type=Legacy Address=               0 DTALEN=00000
        CMD: STA: CSO=00 CSS=00 SPECIAL:cfi VLAN=000 PRI=0
0000000000013180: Type=Legacy Address=               0 DTALEN=00000
        CMD: STA: CSO=00 CSS=00 SPECIAL:cfi VLAN=000 PRI=0
0000000000013190: Type=Legacy Address=               0 DTALEN=00000
        CMD: STA: CSO=00 CSS=00 SPECIAL:cfi VLAN=000 PRI=0
00000000000131a0: Type=Legacy Address=               0 DTALEN=00000
        CMD: STA: CSO=00 CSS=00 SPECIAL:cfi VLAN=000 PRI=0
00000000000131b0: Type=Legacy Address=               0 DTALEN=00000
        CMD: STA: CSO=00 CSS=00 SPECIAL:cfi VLAN=000 PRI=0
00000000000131c0: Type=Legacy Address=               0 DTALEN=00000
        CMD: STA: CSO=00 CSS=00 SPECIAL:cfi VLAN=000 PRI=0
00000000000131d0: Type=Legacy Address=               0 DTALEN=00000
        CMD: STA: CSO=00 CSS=00 SPECIAL:cfi VLAN=000 PRI=0
00000000000131e0: Type=Legacy Address=               0 DTALEN=00000
        CMD: STA: CSO=00 CSS=00 SPECIAL:cfi VLAN=000 PRI=0
00000000000131f0: Type=Legacy Address=               0 DTALEN=00000
        CMD: STA: CSO=00 CSS=00 SPECIAL:cfi VLAN=000 PRI=0
0000000000013200: Type=Legacy Address=               0 DTALEN=00000
        CMD: STA: CSO=00 CSS=00 SPECIAL:cfi VLAN=000 PRI=0
0000000000013210: Type=Legacy Address=               0 DTALEN=00000
        CMD: STA: CSO=00 CSS=00 SPECIAL:cfi VLAN=000 PRI=0
0000000000013220: Type=Legacy Address=               0 DTALEN=00000
        CMD: STA: CSO=00 CSS=00 SPECIAL:cfi VLAN=000 PRI=0

-- Transmit Descriptors in Cache (at 0 (TDH 0)/ fetched 0 / max 64) --
!!
!! {fflags}
!!
Global FFs: 0x0
CPU 0 FFs: 0x6
    INTERRUPT_PIC, TIMER
  Groups:
    EXTERNAL_HALTED, HIGH_PRIORITY_PRE, HWACCM_TO_R3, ALL_REM
!!
!! {gdt}
!!
Shadow GDT (GCAddr=ff5a3000):
ffd8 - 81980087 ff008940 - base=ff408198 limit=00000087 dpl=0 TSS32Avail Present 16-bit  HyperTSSTrap08
ffe0 - 81100087 ff008940 - base=ff408110 limit=00000087 dpl=0 TSS32Avail Present 16-bit  HyperTSS
ffe8 - 0000ffff 00af9b00 - base=00000000 limit=ffffffff dpl=0 CodeER Accessed Present Page 16-bit  HyperCS64
fff0 - 0000ffff 00cf9300 - base=00000000 limit=ffffffff dpl=0 DataRW Accessed Present Page 32-bit  HyperDS
fff8 - 0000ffff 00cf9b00 - base=00000000 limit=ffffffff dpl=0 CodeER Accessed Present Page 32-bit  HyperCS
!!
!! {gdtguest}
!!
Guest GDT (GCAddr=0000000000010000 limit=3f):
0008 - 0000000b 00c09f00 - base=00000000 limit=0000bfff dpl=0 CodeConfER Accessed Present Page 32-bit 
0010 - 00001000 00c09300 - base=00000000 limit=01000fff dpl=0 DataRW Accessed Present Page 32-bit 
0018 - 00001000 00c09300 - base=00000000 limit=01000fff dpl=0 DataRW Accessed Present Page 32-bit 
0020 - 00001000 00c09e00 - base=00000000 limit=01000fff dpl=0 CodeConfER Present Page 32-bit 
0028 - 0000ffff 00cf9f00 - base=00000000 limit=ffffffff dpl=0 CodeConfER Accessed Present Page 32-bit 
0030 - 0000ffff 00cf9200 - base=00000000 limit=ffffffff dpl=0 DataRW Present Page 32-bit 
!!
!! {guestprops}
!!
/VirtualBox/HostInfo/VBoxVerExt: '4.2.22_Gentoo', 1398698988349293000 (TRANSIENT, RDONLYGUEST)
/VirtualBox/HostGuest/SysprepExec: '', 1398698988348843000 (TRANSIENT, RDONLYGUEST)
/VirtualBox/HostGuest/SysprepArgs: '', 1398698988348914000 (TRANSIENT, RDONLYGUEST)
/VirtualBox/HostInfo/VBoxRev: '91556', 1398698988349343000 (TRANSIENT, RDONLYGUEST)
/VirtualBox/HostInfo/VBoxVer: '4.2.22', 1398698988349243000 (TRANSIENT, RDONLYGUEST)
!!
!! {ioport}
!!
I/O Port R3 ranges (pVM=00007fcb63c3d000)
Range     pDevIns          In               Out              pvUser           Description
0000-0007 00007fcb4c18d5a0 00007fcb3d4a3640 00007fcb3d4a4070 00007fcb4c18d6b0 DMA8 Address
0008-000f 00007fcb4c18d5a0 00007fcb3d4a36d0 00007fcb3d4a4120 00007fcb4c18d6b0 DMA8 Control
0020-0021 00007fcb3ee68440 00007fcb3d479a80 00007fcb3d479bf0 0000000000000000 i8259 PIC #0
0040-0043 00007fcb3ee68a50 00007fcb3d478030 00007fcb3d479110 0000000000000000 i8254 Programmable Interval Timer
0060-0060 00007fcb3ee66c30 00007fcb3d454150 00007fcb3d454220 0000000000000000 PC Keyboard - Data
0061-0061 00007fcb3ee68a50 00007fcb3d478820 00007fcb3d478fc0 0000000000000000 PC Speaker
0064-0064 00007fcb3ee66c30 00007fcb3d452ff0 00007fcb3d453e60 0000000000000000 PC Keyboard - Command / Status
0070-0073 00007fcb3ee68fd0 00007fcb3d481160 00007fcb3d480a50 0000000000000000 MC146818 RTC/CMOS
0080-0087 00007fcb4c18d5a0 00007fcb3d4a37e0 00007fcb3d4a4270 00007fcb4c18d6b0 DMA8 Page
0088-008f 00007fcb4c18d5a0 00007fcb3d4a37e0 00007fcb3d4a4270 00007fcb4c18d750 DMA16 Page
0092-0092 00007fcb4c10b870 00007fcb3d486b00 00007fcb3d486b40 0000000000000000 PS/2 system control port A (A20 and more)
00a0-00a1 00007fcb3ee68440 00007fcb3d479a80 00007fcb3d479bf0 0000000000000001 i8259 PIC #1
00c0-00cf 00007fcb4c18d5a0 00007fcb3d4a3640 00007fcb3d4a4070 00007fcb4c18d750 DMA16 Address
00d0-00df 00007fcb4c18d5a0 00007fcb3d4a36d0 00007fcb3d4a4120 00007fcb4c18d750 DMA16 Control
00f0-00ff 00007fcb4c10b870 00007fcb3d4869f0 00007fcb3d486ad0 0000000000000000 Math Co-Processor (DOS/OS2 mode)
0170-0177 00007fcb3ee79a30 00007fcb3d46fff0 00007fcb3d476ce0 0000000000000001 ATA I/O Base 1
01ce-01ce 00007fcb3c2b0000 00007fcb3d465c00 00007fcb3d465ce0 0000000000000000 VGA/VBE - Index
01cf-01cf 00007fcb3c2b0000 00007fcb3d4673b0 00007fcb3d46b620 0000000000000000 VGA/VBE - Data
01f0-01f7 00007fcb3ee79a30 00007fcb3d46fff0 00007fcb3d476ce0 0000000000000000 ATA I/O Base 1
0376-0376 00007fcb3ee79a30 00007fcb3d46d420 00007fcb3d470610 0000000000000001 ATA I/O Base 2
03b0-03b3 00007fcb3c2b0000 00007fcb3d467060 00007fcb3d467120 0000000000000000 VGA - 3b0 (HGSMI host)
03b4-03b5 00007fcb3c2b0000 00007fcb3d466500 00007fcb3d468bb0 0000000000000000 VGA - 3b4
03b6-03b6 00007fcb3c2b0000 00007fcb3d465a00 00007fcb3d465af0 0000000000000000 VBE BIOS Extra Data
03b7-03b7 00007fcb3c2b0000 00007fcb3d463710 00007fcb3d465b70 0000000000000000 VGA BIOS debug/panic
03b8-03b8 00007fcb3c2b0000 00007fcb3d463bf0 00007fcb3d4674d0 0000000000000000 BIOS Logo
03ba-03ba 00007fcb3c2b0000 00007fcb3d466500 00007fcb3d468bb0 0000000000000000 VGA - 3ba
03c0-03cf 00007fcb3c2b0000 00007fcb3d466500 00007fcb3d468bb0 0000000000000000 VGA - 3c0
03d0-03d3 00007fcb3c2b0000 00007fcb3d467060 00007fcb3d467120 0000000000000000 VGA - 3d0 (HGSMI guest)
03d4-03d5 00007fcb3c2b0000 00007fcb3d466500 00007fcb3d468bb0 0000000000000000 VGA - 3d4
03da-03da 00007fcb3c2b0000 00007fcb3d466500 00007fcb3d468bb0 0000000000000000 VGA - 3da
03f6-03f6 00007fcb3ee79a30 00007fcb3d46d420 00007fcb3d470610 0000000000000000 ATA I/O Base 2
03f8-03ff 00007fcb3ee827a0 00007fcb3d4aa820 00007fcb3d4aba50 0000000000000000 SERIAL
0400-0403 00007fcb4c10bc60 00007fcb3d481500 00007fcb3d482380 0000000000000000 Bochs PC BIOS - Panic & Debug
04d0-04d0 00007fcb3ee68440 00007fcb3d4797c0 00007fcb3d479850 00007fcb3ee68540 i8259 PIC #0 - elcr
04d1-04d1 00007fcb3ee68440 00007fcb3d4797c0 00007fcb3d479850 00007fcb3ee68588 i8259 PIC #1 - elcr
0504-0504 00007fcb3ee69850 00007fcb5d921680 00007fcb3d488230 0000000000000000 VMMDev backdoor logging
0505-0505 00007fcb3ee69850 00007fcb3d486c20 00007fcb3d487a70 0000000000000000 VMMDev timesync backdoor
0cf8-0cf8 00007fcb3ee65b10 00007fcb3d45a390 00007fcb3d45a330 0000000000000000 i440FX (PCI)
0cfc-0cff 00007fcb3ee65b10 00007fcb3d459310 00007fcb3d459280 0000000000000000 i440FX (PCI)
4000-4000 00007fcb3ee80b30 00007fcb3d47b1a0 00007fcb3d47c300 00007fcb3ee80c30 ACPI PM1a Status
4002-4002 00007fcb3ee80b30 00007fcb3d47b200 00007fcb3d47c3a0 00007fcb3ee80c30 ACPI PM1a Enable
4004-4004 00007fcb3ee80b30 00007fcb3d47b140 00007fcb3d47bd30 00007fcb3ee80c30 ACPI PM1a Control
4008-4008 00007fcb3ee80b30 00007fcb3d47b7e0 00007fcb5d920f00 00007fcb3ee80c30 ACPI PM Timer
4020-4020 00007fcb3ee80b30 00007fcb3d47b080 00007fcb3d47ed70 00007fcb3ee80c30 ACPI GPE0 Status
4021-4021 00007fcb3ee80b30 00007fcb3d47b0e0 00007fcb3d47ede0 00007fcb3ee80c30 ACPI GPE0 Enable
4040-4040 00007fcb3ee80b30 00007fcb5d921680 00007fcb3d47ba50 00007fcb3ee80c30 ACPI Battery status index
4044-4044 00007fcb3ee80b30 00007fcb3d47b530 00007fcb5d920f00 00007fcb3ee80c30 ACPI Battery status data
4048-4048 00007fcb3ee80b30 00007fcb5d921680 00007fcb3d47b990 00007fcb3ee80c30 ACPI system info index
404c-404c 00007fcb3ee80b30 00007fcb3d47b260 00007fcb3d47bff0 00007fcb3ee80c30 ACPI system info data
4050-4050 00007fcb3ee80b30 00007fcb5d921680 00007fcb3d47bf80 00007fcb3ee80c30 ACPI Reset
442e-442e 00007fcb3ee80b30 00007fcb5d921680 00007fcb3d47bae0 00007fcb3ee80c30 ACPI SMI
8900-8900 00007fcb4c10bc60 00007fcb3d481500 00007fcb3d482380 0000000000000000 Bochs PC BIOS - Shutdown
d000-d007 00007fcb3ee79a30 00007fcb3d46d4e0 00007fcb3d470450 0000000000000000 ATA Bus Master DMA
d008-d00f 00007fcb3ee79a30 00007fcb3d46d4e0 00007fcb3d470450 0000000000000001 ATA Bus Master DMA
d020-d020 00007fcb3ee69850 00007fcb5d921680 00007fcb3d489290 00007fcb3ee69950 VMMDev Request Handler
d040-d047 00007fcb3ee7b0f0 00007fcb3d4e1f50 00007fcb3d4e0c30 0000000000000000 E1000
I/O Port R0 ranges (pVM=00007fcb63c3d000)
Range     pDevIns          In               Out              pvUser           Description
0020-0021 00007fcb3ee68440 ffffffffa0ea7b40 ffffffffa0ea7cb0 0000000000000000 i8259 PIC #0
0040-0043 00007fcb3ee68a50 ffffffffa0ea7130 ffffffffa0ea7310 0000000000000000 i8254 Programmable Interval Timer
0060-0060 00007fcb3ee66c30 ffffffffa0ea5b90 ffffffffa0ea5c60 0000000000000000 PC Keyboard - Data
0064-0064 00007fcb3ee66c30 ffffffffa0ea6670 ffffffffa0ea66e0 0000000000000000 PC Keyboard - Command / Status
0070-0073 00007fcb3ee68fd0 ffffffffa0ea8310 ffffffffa0ea8430 0000000000000000 MC146818 RTC/CMOS
00a0-00a1 00007fcb3ee68440 ffffffffa0ea7b40 ffffffffa0ea7cb0 0000000000000001 i8259 PIC #1
0170-0177 00007fcb3ee79a30 ffffffffa0ea9da0 ffffffffa0ea9a80 0000000000000001 ATA I/O Base 1
01ce-01ce 00007fcb3c2b0000 ffffffffa0ea48f0 ffffffffa0ea46e0 0000000000000000 VGA/VBE - Index (GC)
01cf-01cf 00007fcb3c2b0000 ffffffffa0ea47d0 ffffffffa0ea45d0 0000000000000000 VGA/VBE - Data (GC)
01f0-01f7 00007fcb3ee79a30 ffffffffa0ea9da0 ffffffffa0ea9a80 0000000000000000 ATA I/O Base 1
0376-0376 00007fcb3ee79a30 ffffffffa0eaa240 ffffffffa0eaa130 0000000000000001 ATA I/O Base 2
03b4-03b5 00007fcb3c2b0000 ffffffffa0ea4510 ffffffffa0ea4450 0000000000000000 VGA - 3b4 (GC)
03b7-03b7 00007fcb3c2b0000 ffffffffa0ea56e0 ffffffffa0ea56f0 0000000000000000 VGA BIOS debug/panic
03ba-03ba 00007fcb3c2b0000 ffffffffa0ea4510 ffffffffa0ea4450 0000000000000000 VGA - 3ba (GC)
03c0-03cf 00007fcb3c2b0000 ffffffffa0ea4510 ffffffffa0ea4450 0000000000000000 VGA - 3c0 (GC)
03d4-03d5 00007fcb3c2b0000 ffffffffa0ea4510 ffffffffa0ea4450 0000000000000000 VGA - 3d4 (GC)
03da-03da 00007fcb3c2b0000 ffffffffa0ea4510 ffffffffa0ea4450 0000000000000000 VGA - 3da (GC)
03f6-03f6 00007fcb3ee79a30 ffffffffa0eaa240 ffffffffa0eaa130 0000000000000000 ATA I/O Base 2
03f8-03ff 00007fcb3ee827a0 ffffffffa0ead140 ffffffffa0ead120 0000000000000000 Serial
04d0-04d0 00007fcb3ee68440 ffffffffa0ea80c0 ffffffffa0ea8150 00007fcb3ee68540 i8259 PIC #0 - elcr
04d1-04d1 00007fcb3ee68440 ffffffffa0ea80c0 ffffffffa0ea8150 00007fcb3ee68588 i8259 PIC #1 - elcr
0cf8-0cf8 00007fcb3ee65b10 ffffffffa0ea2470 ffffffffa0ea2410 0000000000000000 i440FX (PCI)
0cfc-0cff 00007fcb3ee65b10 ffffffffa0ea2590 ffffffffa0ea24e0 0000000000000000 i440FX (PCI)
4008-4008 00007fcb3ee80b30 ffffffffa0ea6e20 0000000000000000 0000000000000000 ACPI PM Timer
d000-d007 00007fcb3ee79a30 ffffffffa0ea9840 ffffffffa0ea9940 0000000000000000 ATA Bus Master DMA
d008-d00f 00007fcb3ee79a30 ffffffffa0ea9840 ffffffffa0ea9940 0000000000000001 ATA Bus Master DMA
d040-d047 00007fcb3ee7b0f0 ffffffffa0eb0520 ffffffffa0eb0590 0000000000000000 E1000
I/O Port GC ranges (pVM=00007fcb63c3d000)
Range     pDevIns  In       Out      pvUser   Description
0020-0021 ff434440 ff842d30 ff842ea0 00000000 i8259 PIC #0
0040-0043 ff434a50 ff8423d0 ff842580 00000000 i8254 Programmable Interval Timer
0060-0060 ff432c30 ff840af0 ff840bc0 00000000 PC Keyboard - Data
0061-0061 ff434a50 ff842800 00000000 00000000 PC Speaker
0064-0064 ff432c30 ff8417f0 ff841860 00000000 PC Keyboard - Command / Status
0070-0073 ff434fd0 ff843490 ff8435d0 00000000 MC146818 RTC/CMOS
00a0-00a1 ff434440 ff842d30 ff842ea0 00000001 i8259 PIC #1
0170-0177 ff445a30 ff845160 ff844e10 00000001 ATA I/O Base 1
01ce-01ce ff85f000 ff83f670 ff83f4c0 00000000 VGA/VBE - Index (GC)
01cf-01cf ff85f000 ff83f580 ff83f3c0 00000000 VGA/VBE - Data (GC)
01f0-01f7 ff445a30 ff845160 ff844e10 00000000 ATA I/O Base 1
0376-0376 ff445a30 ff845900 ff8457c0 00000001 ATA I/O Base 2
03b4-03b5 ff85f000 ff83f310 ff83f270 00000000 VGA - 3b4 (GC)
03ba-03ba ff85f000 ff83f310 ff83f270 00000000 VGA - 3ba (GC)
03c0-03cf ff85f000 ff83f310 ff83f270 00000000 VGA - 3c0 (GC)
03d4-03d5 ff85f000 ff83f310 ff83f270 00000000 VGA - 3d4 (GC)
03da-03da ff85f000 ff83f310 ff83f270 00000000 VGA - 3da (GC)
03f6-03f6 ff445a30 ff845900 ff8457c0 00000000 ATA I/O Base 2
03f8-03ff ff44e7a0 ff848a40 ff848a20 00000000 Serial
04d0-04d0 ff434440 ff843270 ff8432f0 ff434540 i8259 PIC #0 - elcr
04d1-04d1 ff434440 ff843270 ff8432f0 ff434588 i8259 PIC #1 - elcr
0cf8-0cf8 ff431b10 ff83d430 ff83d3e0 00000000 i440FX (PCI)
0cfc-0cff ff431b10 ff83d550 ff83d4a0 00000000 i440FX (PCI)
4008-4008 ff44cb30 ff841fb0 00000000 00000000 ACPI PM Timer
d000-d007 ff445a30 ff844c00 ff844cf0 00000000 ATA Bus Master DMA
d008-d00f ff445a30 ff844c00 ff844cf0 00000001 ATA Bus Master DMA
d040-d047 ff4470f0 ff84ba30 ff84bab0 00000000 E1000
R3 Read  Ports: 0x3f8-0x400 00007fcb3ee82b60 SERIAL
R3 Write Ports: 0x3f8-0x400 00007fcb3ee82b60 SERIAL
R0 Read  Ports: 0x3f8-0x400 00007fcb3ee82c10 Serial
R0 Write Ports: 0x3f8-0x400 00007fcb3ee82c10 Serial
!!
!! {ldt}
!!
Shadow LDT (GCAddr=ffffffff limit=0x0):
!!
!! {ldtguest}
!!
Guest LDT (Sel=0): Null-Selector
!!
!! {mmio}
!!
MMIO ranges (pVM=00007fcb63c3d000)
GC Phys Range                     pDevIns          Read             Write            Fill             pvUser           Description
00000000000a0000-00000000000bffff 00007fcb3c2b0000 00007fcb3d468270 00007fcb3d466dc0 00007fcb3d467850 0000000000000000 VGA - VGA Video Buffer
                               R0 00007fcb3c2b0000 ffffffffa0ea5110 ffffffffa0ea5340 ffffffffa0ea49d0 0000000000000000
                               RC ff85f000 ff83ffa0 ff840250 ff83f730 00000000
00000000f0420000-00000000f043ffff 00007fcb3ee7b0f0 00007fcb3d4e1f20 00007fcb3d4e0bf0 0000000000000000 0000000000000000 E1000
                               R0 00007fcb3ee7b0f0 ffffffffa0eb04b0 ffffffffa0eb04e0 0000000000000000 0000000000000000
                               RC ff4470f0 ff84b9c0 ff84b9f0 00000000 00000000
00000000fee00000-00000000fee00fff 00007fcb3ee67680 00007fcb3d20e650 00007fcb3d20f630 0000000000000000 00007fcb3ee67780 APIC Memory
                               R0 00007fcb3ee67680 ffffffffa0ebda00 ffffffffa0ebdb20 0000000000000000 0000000000000000
                               RC ff433680 ff85bc40 ff85bd80 00000000 00000000
!!
!! {nat0}
!!
NAT parameters: MTU=1500
NAT TCP ports:
NAT UDP ports:
 socket 25:(proto:17) exp. in 0 state=SS_ISFCONNECTED fUnderPolling:false fShouldBeRemoved:false f_(addr:port)=0.0.0.0:30203 l_(addr:port)=10.0.2.15:80 name=0.0.0.0:30203
NAT ARP cache:
 10.0.2.15 08:00:27:94:75:4a
NAT rules:
 UDP 30203 => 10.0.2.15:80  
!!
!! {pci}
!!
Invalid argument. Recognized arguments are 'basic', 'verbose'.
!!
!! {pciirq}
!!
PCI interrupt router at: 00:01:0
PIRQA -> IRQ5
PIRQB -> IRQ11
PIRQC -> IRQ9
PIRQD -> IRQ10
!!
!! {pdmtracingids}
!!
Device tracing IDs:
00001  pcarch
00002  pcbios
00003  pci
00004  pckbd
00005  apic
00006  i8259
00007  i8254
00008  mc146818
00009  8237A
00010  VMMDev
00011  vga
00012  piix3ide
00013  e1000
00014  AudioSniffer
00015  acpi
00016  serial
USB device tracing IDs:
Driver tracing IDs:
01025  KeyboardQueue (level 0, lun 0, dev pckbd)
01026  MainKeyboard (level 1, lun 0, dev pckbd)
01027  MouseQueue (level 0, lun 1, dev pckbd)
01028  MainMouse (level 1, lun 1, dev pckbd)
01029  HGCM (level 0, lun 0, dev VMMDev)
01030  MainStatus (level 0, lun 999, dev VMMDev)
01031  MainDisplay (level 0, lun 0, dev vga)
01032  MainStatus (level 0, lun 999, dev piix3ide)
01033  Block (level 0, lun 0, dev piix3ide)
01034  VD (level 1, lun 0, dev piix3ide)
01035  MainStatus (level 0, lun 999, dev e1000)
01036  NetSniffer (level 0, lun 0, dev e1000)
01037  NAT (level 1, lun 0, dev e1000)
01038  MainAudioSniffer (level 0, lun 0, dev AudioSniffer)
01039  ACPIHost (level 0, lun 0, dev acpi)
01040  Char (level 0, lun 0, dev serial)
01041  NamedPipe (level 1, lun 0, dev serial)
!!
!! {phys}
!!
RAM ranges (pVM=00007fcb63c3d000)
GC Phys Range                     pvHC            
0000000000000000-0000000001ffffff 0000000000000000 Base RAM
00000000e0000000-00000000e07fffff 00007fcb2f800000 VRam
00000000f0000000-00000000f03fffff 00007fcb3c54e000 VMMDev
00000000f0400000-00000000f0403fff 00007fcb5c001000 VMMDev Heap
00000000f0420000-00000000f043ffff 0000000000000000 E1000
00000000fee00000-00000000fee00fff 0000000000000000 APIC Memory
00000000ffff0000-00000000ffffffff 0000000000000000 PC BIOS - 0xffffffff
!!
!! {pic}
!!
PIC0:
 IMR :ca ISR   :00 IRR   :01 LIRR:01
 Base:20 PriAdd:00 RegSel:01
 Poll:00 SpMask:00 IState:00
 AEOI:00 Rotate:00 FNest :00 Ini4:01
 ELCR:20 ELMask:f8
PIC1:
 IMR :ff ISR   :00 IRR   :00 LIRR:00
 Base:28 PriAdd:00 RegSel:01
 Poll:00 SpMask:00 IState:00
 AEOI:01 Rotate:00 FNest :00 Ini4:01
 ELCR:0e ELMask:de
!!
!! {pit}
!!
PIT (i8254) channel 0 status: irq=0x0
      count=000004a6  latched_count=0000  count_latched=00
           status=00   status_latched=00     read_state=03
      write_state=03      write_latch=a6        rw_mode=03
             mode=02              bcd=00           gate=01
  count_load_time=00000000a18d0642 next_transition_time=00000000ab6b3a7f
      u64ReloadTS=00000000ab5c02a9            u64NextTS=00000000ab6b3a7f
PIT (i8254) channel 1 status: irq=0x0
      count=00010000  latched_count=0000  count_latched=00
           status=00   status_latched=00     read_state=00
      write_state=00      write_latch=00        rw_mode=00
             mode=03              bcd=00           gate=01
  count_load_time=0000000000000000 next_transition_time=0000000000000000
      u64ReloadTS=0000000000000000            u64NextTS=ffffffffffffffff
PIT (i8254) channel 2 status: irq=0x0
      count=0000ffff  latched_count=0000  count_latched=00
           status=00   status_latched=00     read_state=03
      write_state=03      write_latch=ff        rw_mode=03
             mode=00              bcd=00           gate=00
  count_load_time=000000009a82e614 next_transition_time=0000000000000000
      u64ReloadTS=000000009a82e614            u64NextTS=ffffffffffffffff
speaker_data_on=0x0
!!
!! {ps2k}
!!
PS/2 Keyboard: scan set 2, scanning enabled
Active command 00
LED state 00, Num Lock off
Typematic delay 500ms, repeat period 91ms
Command queue: 0 items (4 max)
Input queue  : 0 items (64 max)
!!
!! {rtc}
!!
Time: 11:29:49  Date: 14-04-28
REG A=26 B=02 C=00 D=80
!!
!! {tracebuf}
!!
Tracing is disable
!!
!! {vbe}
!!
LFB at 00000000e0000000
VBE disabled
!!
!! {vga}
!!
pixel clock: 28.322 MHz
double scanning off
double clocking off
htotal: 900 px (100 cclk)
vtotal: 449 px
hdisp : 720 px (80 cclk)
vdisp : 400 px
split : 1023 ln
start : 0x0
char height 16
text mode 80x25
display refresh interval: 20 ms
!!
!! {vgaar}
!!
VGA Attribute Controller (3C0): index reg 20, flip-flop: 0 (index)
 Palette: 00 01 02 03 04 05 06 07 08 09 0A 0B 0C 0D 0E 0F
 AR10:0C AR11:00 AR12:0F AR13:08 AR14:00
!!
!! {vgacr}
!!
VGA CRTC (3D5): CRTC index 3D4:0F
 CR00:5F CR01:4F CR02:50 CR03:82 CR04:55 CR05:81 CR06:BF CR07:1F CR08:00 CR09:4F
 CR0A:0E CR0B:0F CR0C:00 CR0D:00 CR0E:00 CR0F:A0 CR10:9C CR11:8E CR12:8F CR13:28
 CR14:1F CR15:96 CR16:B9 CR17:A3 CR18:FF
!!
!! {vgadac}
!!
VGA DAC contents:
 00: 00 00 00
 01: 00 00 2A
 02: 00 2A 00
 03: 00 2A 2A
 04: 2A 00 00
 05: 2A 00 2A
 06: 2A 2A 00
 07: 2A 2A 2A
 08: 00 00 15
 09: 00 00 3F
 0A: 00 2A 15
 0B: 00 2A 3F
 0C: 2A 00 15
 0D: 2A 00 3F
 0E: 2A 2A 15
 0F: 2A 2A 3F
 10: 00 15 00
 11: 00 15 2A
 12: 00 3F 00
 13: 00 3F 2A
 14: 2A 15 00
 15: 2A 15 2A
 16: 2A 3F 00
 17: 2A 3F 2A
 18: 00 15 15
 19: 00 15 3F
 1A: 00 3F 15
 1B: 00 3F 3F
 1C: 2A 15 15
 1D: 2A 15 3F
 1E: 2A 3F 15
 1F: 2A 3F 3F
 20: 15 00 00
 21: 15 00 2A
 22: 15 2A 00
 23: 15 2A 2A
 24: 3F 00 00
 25: 3F 00 2A
 26: 3F 2A 00
 27: 3F 2A 2A
 28: 15 00 15
 29: 15 00 3F
 2A: 15 2A 15
 2B: 15 2A 3F
 2C: 3F 00 15
 2D: 3F 00 3F
 2E: 3F 2A 15
 2F: 3F 2A 3F
 30: 15 15 00
 31: 15 15 2A
 32: 15 3F 00
 33: 15 3F 2A
 34: 3F 15 00
 35: 3F 15 2A
 36: 3F 3F 00
 37: 3F 3F 2A
 38: 15 15 15
 39: 15 15 3F
 3A: 15 3F 15
 3B: 15 3F 3F
 3C: 3F 15 15
 3D: 3F 15 3F
 3E: 3F 3F 15
 3F: 3F 3F 3F
 40: 00 00 00
 41: 00 00 00
 42: 00 00 00
 43: 00 00 00
 44: 00 00 00
 45: 00 00 00
 46: 00 00 00
 47: 00 00 00
 48: 00 00 00
 49: 00 00 00
 4A: 00 00 00
 4B: 00 00 00
 4C: 00 00 00
 4D: 00 00 00
 4E: 00 00 00
 4F: 00 00 00
 50: 00 00 00
 51: 00 00 00
 52: 00 00 00
 53: 00 00 00
 54: 00 00 00
 55: 00 00 00
 56: 00 00 00
 57: 00 00 00
 58: 00 00 00
 59: 00 00 00
 5A: 00 00 00
 5B: 00 00 00
 5C: 00 00 00
 5D: 00 00 00
 5E: 00 00 00
 5F: 00 00 00
 60: 00 00 00
 61: 00 00 00
 62: 00 00 00
 63: 00 00 00
 64: 00 00 00
 65: 00 00 00
 66: 00 00 00
 67: 00 00 00
 68: 00 00 00
 69: 00 00 00
 6A: 00 00 00
 6B: 00 00 00
 6C: 00 00 00
 6D: 00 00 00
 6E: 00 00 00
 6F: 00 00 00
 70: 00 00 00
 71: 00 00 00
 72: 00 00 00
 73: 00 00 00
 74: 00 00 00
 75: 00 00 00
 76: 00 00 00
 77: 00 00 00
 78: 00 00 00
 79: 00 00 00
 7A: 00 00 00
 7B: 00 00 00
 7C: 00 00 00
 7D: 00 00 00
 7E: 00 00 00
 7F: 00 00 00
 80: 00 00 00
 81: 00 00 00
 82: 00 00 00
 83: 00 00 00
 84: 00 00 00
 85: 00 00 00
 86: 00 00 00
 87: 00 00 00
 88: 00 00 00
 89: 00 00 00
 8A: 00 00 00
 8B: 00 00 00
 8C: 00 00 00
 8D: 00 00 00
 8E: 00 00 00
 8F: 00 00 00
 90: 00 00 00
 91: 00 00 00
 92: 00 00 00
 93: 00 00 00
 94: 00 00 00
 95: 00 00 00
 96: 00 00 00
 97: 00 00 00
 98: 00 00 00
 99: 00 00 00
 9A: 00 00 00
 9B: 00 00 00
 9C: 00 00 00
 9D: 00 00 00
 9E: 00 00 00
 9F: 00 00 00
 A0: 00 00 00
 A1: 00 00 00
 A2: 00 00 00
 A3: 00 00 00
 A4: 00 00 00
 A5: 00 00 00
 A6: 00 00 00
 A7: 00 00 00
 A8: 00 00 00
 A9: 00 00 00
 AA: 00 00 00
 AB: 00 00 00
 AC: 00 00 00
 AD: 00 00 00
 AE: 00 00 00
 AF: 00 00 00
 B0: 00 00 00
 B1: 00 00 00
 B2: 00 00 00
 B3: 00 00 00
 B4: 00 00 00
 B5: 00 00 00
 B6: 00 00 00
 B7: 00 00 00
 B8: 00 00 00
 B9: 00 00 00
 BA: 00 00 00
 BB: 00 00 00
 BC: 00 00 00
 BD: 00 00 00
 BE: 00 00 00
 BF: 00 00 00
 C0: 00 00 00
 C1: 00 00 00
 C2: 00 00 00
 C3: 00 00 00
 C4: 00 00 00
 C5: 00 00 00
 C6: 00 00 00
 C7: 00 00 00
 C8: 00 00 00
 C9: 00 00 00
 CA: 00 00 00
 CB: 00 00 00
 CC: 00 00 00
 CD: 00 00 00
 CE: 00 00 00
 CF: 00 00 00
 D0: 00 00 00
 D1: 00 00 00
 D2: 00 00 00
 D3: 00 00 00
 D4: 00 00 00
 D5: 00 00 00
 D6: 00 00 00
 D7: 00 00 00
 D8: 00 00 00
 D9: 00 00 00
 DA: 00 00 00
 DB: 00 00 00
 DC: 00 00 00
 DD: 00 00 00
 DE: 00 00 00
 DF: 00 00 00
 E0: 00 00 00
 E1: 00 00 00
 E2: 00 00 00
 E3: 00 00 00
 E4: 00 00 00
 E5: 00 00 00
 E6: 00 00 00
 E7: 00 00 00
 E8: 00 00 00
 E9: 00 00 00
 EA: 00 00 00
 EB: 00 00 00
 EC: 00 00 00
 ED: 00 00 00
 EE: 00 00 00
 EF: 00 00 00
 F0: 00 00 00
 F1: 00 00 00
 F2: 00 00 00
 F3: 00 00 00
 F4: 00 00 00
 F5: 00 00 00
 F6: 00 00 00
 F7: 00 00 00
 F8: 00 00 00
 F9: 00 00 00
 FA: 00 00 00
 FB: 00 00 00
 FC: 00 00 00
 FD: 00 00 00
 FE: 00 00 00
 FF: 00 00 00
!!
!! {vgagr}
!!
VGA Graphics Controller (3CF): GR index 3CE:05
 GR00:00 GR01:00 GR02:00 GR03:00 GR04:00 GR05:10 GR06:0E GR07:0F GR08:FF
!!
!! {vgapl}
!!
read mode     : 0     write mode: 0
set/reset data: 00    S/R enable: 00
color compare : 00    read map  : 0
rotate        : 0     function  : 0
don't care    : 0F    bit mask  : FF
seq plane mask: 03    chain-4   : off
!!
!! {vgasr}
!!
VGA Sequencer (3C5): SR index 3C4:03
 SR00:03 SR01:00 SR02:03 SR03:00 SR04:02
!!
!! {vgatext}
!!
------------------------------------ 80x25 -------------------------------------
Welcome to GRUB!                                                                
                                                                                
                                                                                
                                                                                
                                                                                
                                                                                
                                                                                
                                                                                
                                                                                
                                                                                
                                                                                
                                                                                
                                                                                
                                                                                
                                                                                
                                                                                
                                                                                
                                                                                
                                                                                
                                                                                
                                                                                
                                                                                
                                                                                
                                                                                
                                                                                
--------------------------------------------------------------------------------
!!!!!!!!!!!!!!!!!!!!!!!!!!!!!!!!!!!!!!!!!!!!!!!!!!!!!!!!!!!!!!!!!!!!!!
